{"/home/travis/build/npmtest/node-npmtest-mocha-casperjs/test.js":{"path":"/home/travis/build/npmtest/node-npmtest-mocha-casperjs/test.js","s":{"1":2,"2":2,"3":2,"4":2,"5":2,"6":2,"7":2,"8":1,"9":2,"10":2,"11":1,"12":1,"13":1,"14":1,"15":2,"16":2,"17":2,"18":2,"19":1,"20":1,"21":2,"22":2,"23":2,"24":1,"25":1,"26":1,"27":1,"28":1,"29":1,"30":1,"31":1,"32":1,"33":1,"34":1,"35":1,"36":1,"37":1,"38":1,"39":2,"40":2,"41":1,"42":2,"43":2,"44":1,"45":2,"46":2,"47":1,"48":2,"49":2,"50":1,"51":1,"52":1,"53":1,"54":1},"b":{"1":[2,1,1,1],"2":[1,1,1,1],"3":[1,1],"4":[1,1],"5":[1,1],"6":[1,1],"7":[1,1],"8":[1,1],"9":[1,1],"10":[1,1,1],"11":[1,1],"12":[1,1],"13":[1,1],"14":[1,1],"15":[1,1],"16":[1,1],"17":[1,1]},"f":{"1":2,"2":2,"3":2,"4":2,"5":2,"6":1,"7":1,"8":1,"9":2,"10":2,"11":2,"12":2,"13":1},"fnMap":{"1":{"name":"(anonymous_1)","line":12,"loc":{"start":{"line":12,"column":1},"end":{"line":12,"column":13}}},"2":{"name":"(anonymous_2)","line":19,"loc":{"start":{"line":19,"column":5},"end":{"line":19,"column":17}}},"3":{"name":"(anonymous_3)","line":23,"loc":{"start":{"line":23,"column":24},"end":{"line":23,"column":36}}},"4":{"name":"(anonymous_4)","line":61,"loc":{"start":{"line":61,"column":5},"end":{"line":61,"column":17}}},"5":{"name":"(anonymous_5)","line":82,"loc":{"start":{"line":82,"column":5},"end":{"line":82,"column":17}}},"6":{"name":"(anonymous_6)","line":91,"loc":{"start":{"line":91,"column":77},"end":{"line":94,"column":10}}},"7":{"name":"(anonymous_7)","line":112,"loc":{"start":{"line":112,"column":83},"end":{"line":115,"column":10}},"skip":true},"8":{"name":"(anonymous_8)","line":123,"loc":{"start":{"line":123,"column":77},"end":{"line":126,"column":10}},"skip":true},"9":{"name":"(anonymous_9)","line":139,"loc":{"start":{"line":139,"column":12},"end":{"line":139,"column":40}},"skip":true},"10":{"name":"(anonymous_10)","line":147,"loc":{"start":{"line":147,"column":77},"end":{"line":150,"column":10}},"skip":true},"11":{"name":"(anonymous_11)","line":158,"loc":{"start":{"line":158,"column":83},"end":{"line":161,"column":10}},"skip":true},"12":{"name":"(anonymous_12)","line":169,"loc":{"start":{"line":169,"column":79},"end":{"line":172,"column":10}},"skip":true},"13":{"name":"(anonymous_13)","line":180,"loc":{"start":{"line":180,"column":75},"end":{"line":183,"column":10}},"skip":true}},"statementMap":{"1":{"start":{"line":12,"column":0},"end":{"line":195,"column":5}},"2":{"start":{"line":14,"column":4},"end":{"line":14,"column":14}},"3":{"start":{"line":19,"column":4},"end":{"line":56,"column":9}},"4":{"start":{"line":21,"column":8},"end":{"line":21,"column":19}},"5":{"start":{"line":23,"column":8},"end":{"line":35,"column":13}},"6":{"start":{"line":24,"column":12},"end":{"line":34,"column":13}},"7":{"start":{"line":25,"column":16},"end":{"line":28,"column":30}},"8":{"start":{"line":30,"column":16},"end":{"line":33,"column":27}},"9":{"start":{"line":37,"column":8},"end":{"line":39,"column":21}},"10":{"start":{"line":40,"column":8},"end":{"line":53,"column":9}},"11":{"start":{"line":43,"column":12},"end":{"line":46,"column":14}},"12":{"start":{"line":47,"column":12},"end":{"line":47,"column":18}},"13":{"start":{"line":50,"column":12},"end":{"line":51,"column":33}},"14":{"start":{"line":52,"column":12},"end":{"line":52,"column":18}},"15":{"start":{"line":55,"column":8},"end":{"line":55,"column":35}},"16":{"start":{"line":61,"column":4},"end":{"line":63,"column":9}},"17":{"start":{"line":62,"column":8},"end":{"line":62,"column":15}},"18":{"start":{"line":64,"column":4},"end":{"line":77,"column":5}},"19":{"start":{"line":70,"column":8},"end":{"line":70,"column":14}},"20":{"start":{"line":76,"column":8},"end":{"line":76,"column":14}},"21":{"start":{"line":82,"column":4},"end":{"line":84,"column":9}},"22":{"start":{"line":83,"column":8},"end":{"line":83,"column":15}},"23":{"start":{"line":85,"column":4},"end":{"line":194,"column":5}},"24":{"start":{"line":91,"column":8},"end":{"line":99,"column":10}},"25":{"start":{"line":98,"column":12},"end":{"line":98,"column":35}},"26":{"start":{"line":102,"column":8},"end":{"line":104,"column":63}},"27":{"start":{"line":105,"column":8},"end":{"line":105,"column":14}},"28":{"start":{"line":112,"column":8},"end":{"line":121,"column":10},"skip":true},"29":{"start":{"line":119,"column":12},"end":{"line":119,"column":55},"skip":true},"30":{"start":{"line":120,"column":12},"end":{"line":120,"column":48},"skip":true},"31":{"start":{"line":123,"column":8},"end":{"line":136,"column":10},"skip":true},"32":{"start":{"line":130,"column":12},"end":{"line":130,"column":76},"skip":true},"33":{"start":{"line":131,"column":12},"end":{"line":131,"column":73},"skip":true},"34":{"start":{"line":132,"column":12},"end":{"line":132,"column":74},"skip":true},"35":{"start":{"line":133,"column":12},"end":{"line":133,"column":79},"skip":true},"36":{"start":{"line":134,"column":12},"end":{"line":134,"column":25},"skip":true},"37":{"start":{"line":135,"column":12},"end":{"line":135,"column":45},"skip":true},"38":{"start":{"line":138,"column":8},"end":{"line":145,"column":14},"skip":true},"39":{"start":{"line":143,"column":16},"end":{"line":143,"column":29},"skip":true},"40":{"start":{"line":144,"column":16},"end":{"line":144,"column":55},"skip":true},"41":{"start":{"line":147,"column":8},"end":{"line":156,"column":10},"skip":true},"42":{"start":{"line":154,"column":12},"end":{"line":154,"column":25},"skip":true},"43":{"start":{"line":155,"column":12},"end":{"line":155,"column":45},"skip":true},"44":{"start":{"line":158,"column":8},"end":{"line":167,"column":10},"skip":true},"45":{"start":{"line":165,"column":12},"end":{"line":165,"column":25},"skip":true},"46":{"start":{"line":166,"column":12},"end":{"line":166,"column":48},"skip":true},"47":{"start":{"line":169,"column":8},"end":{"line":178,"column":10},"skip":true},"48":{"start":{"line":176,"column":12},"end":{"line":176,"column":25},"skip":true},"49":{"start":{"line":177,"column":12},"end":{"line":177,"column":46},"skip":true},"50":{"start":{"line":180,"column":8},"end":{"line":189,"column":10},"skip":true},"51":{"start":{"line":187,"column":12},"end":{"line":187,"column":94},"skip":true},"52":{"start":{"line":188,"column":12},"end":{"line":188,"column":48},"skip":true},"53":{"start":{"line":192,"column":8},"end":{"line":192,"column":35},"skip":true},"54":{"start":{"line":193,"column":8},"end":{"line":193,"column":14},"skip":true}},"branchMap":{"1":{"line":25,"type":"binary-expr","locations":[{"start":{"line":25,"column":23},"end":{"line":25,"column":62}},{"start":{"line":26,"column":20},"end":{"line":26,"column":70}},{"start":{"line":27,"column":20},"end":{"line":27,"column":71}},{"start":{"line":28,"column":20},"end":{"line":28,"column":29}}]},"2":{"line":30,"type":"binary-expr","locations":[{"start":{"line":30,"column":23},"end":{"line":30,"column":37}},{"start":{"line":31,"column":20},"end":{"line":31,"column":61}},{"start":{"line":32,"column":20},"end":{"line":32,"column":70}},{"start":{"line":33,"column":20},"end":{"line":33,"column":26}}]},"3":{"line":37,"type":"cond-expr","locations":[{"start":{"line":38,"column":14},"end":{"line":38,"column":20}},{"start":{"line":39,"column":14},"end":{"line":39,"column":20}}]},"4":{"line":40,"type":"switch","locations":[{"start":{"line":42,"column":8},"end":{"line":47,"column":18}},{"start":{"line":49,"column":8},"end":{"line":52,"column":18}}]},"5":{"line":44,"type":"binary-expr","locations":[{"start":{"line":44,"column":16},"end":{"line":44,"column":44}},{"start":{"line":44,"column":48},"end":{"line":44,"column":66}}]},"6":{"line":50,"type":"binary-expr","locations":[{"start":{"line":50,"column":21},"end":{"line":50,"column":49}},{"start":{"line":50,"column":53},"end":{"line":50,"column":72}}]},"7":{"line":64,"type":"switch","locations":[{"start":{"line":69,"column":4},"end":{"line":70,"column":14}},{"start":{"line":75,"column":4},"end":{"line":76,"column":14}}]},"8":{"line":85,"type":"switch","locations":[{"start":{"line":90,"column":4},"end":{"line":105,"column":14}},{"start":{"line":111,"column":4},"end":{"line":193,"column":14},"skip":true}]},"9":{"line":91,"type":"binary-expr","locations":[{"start":{"line":91,"column":42},"end":{"line":91,"column":73}},{"start":{"line":91,"column":77},"end":{"line":99,"column":9}}]},"10":{"line":102,"type":"binary-expr","locations":[{"start":{"line":102,"column":18},"end":{"line":102,"column":32}},{"start":{"line":103,"column":12},"end":{"line":103,"column":53}},{"start":{"line":104,"column":12},"end":{"line":104,"column":61}}]},"11":{"line":112,"type":"binary-expr","locations":[{"start":{"line":112,"column":45},"end":{"line":112,"column":79},"skip":true},{"start":{"line":112,"column":83},"end":{"line":121,"column":9},"skip":true}]},"12":{"line":123,"type":"binary-expr","locations":[{"start":{"line":123,"column":42},"end":{"line":123,"column":73},"skip":true},{"start":{"line":123,"column":77},"end":{"line":136,"column":9},"skip":true}]},"13":{"line":138,"type":"binary-expr","locations":[{"start":{"line":138,"column":48},"end":{"line":138,"column":85},"skip":true},{"start":{"line":139,"column":12},"end":{"line":145,"column":13},"skip":true}]},"14":{"line":147,"type":"binary-expr","locations":[{"start":{"line":147,"column":42},"end":{"line":147,"column":73},"skip":true},{"start":{"line":147,"column":77},"end":{"line":156,"column":9},"skip":true}]},"15":{"line":158,"type":"binary-expr","locations":[{"start":{"line":158,"column":45},"end":{"line":158,"column":79},"skip":true},{"start":{"line":158,"column":83},"end":{"line":167,"column":9},"skip":true}]},"16":{"line":169,"type":"binary-expr","locations":[{"start":{"line":169,"column":43},"end":{"line":169,"column":75},"skip":true},{"start":{"line":169,"column":79},"end":{"line":178,"column":9},"skip":true}]},"17":{"line":180,"type":"binary-expr","locations":[{"start":{"line":180,"column":41},"end":{"line":180,"column":71},"skip":true},{"start":{"line":180,"column":75},"end":{"line":189,"column":9},"skip":true}]}},"code":["/* istanbul instrument in package npmtest_mocha_casperjs */","/*jslint","    bitwise: true,","    browser: true,","    maxerr: 8,","    maxlen: 96,","    node: true,","    nomen: true,","    regexp: true,","    stupid: true","*/","(function () {","    'use strict';","    var local;","","","","    // run shared js-env code - pre-init","    (function () {","        // init local","        local = {};","        // init modeJs","        local.modeJs = (function () {","            try {","                return typeof navigator.userAgent === 'string' &&","                    typeof document.querySelector('body') === 'object' &&","                    typeof XMLHttpRequest.prototype.open === 'function' &&","                    'browser';","            } catch (errorCaughtBrowser) {","                return module.exports &&","                    typeof process.versions.node === 'string' &&","                    typeof require('http').createServer === 'function' &&","                    'node';","            }","        }());","        // init global","        local.global = local.modeJs === 'browser'","            ? window","            : global;","        switch (local.modeJs) {","        // re-init local from window.local","        case 'browser':","            local = local.global.utility2.objectSetDefault(","                local.global.utility2_rollup || local.global.local,","                local.global.utility2","            );","            break;","        // re-init local from example.js","        case 'node':","            local = (local.global.utility2_rollup || require('utility2'))","                .requireReadme();","            break;","        }","        // export local","        local.global.local = local;","    }());","","","","    // run shared js-env code - function","    (function () {","        return;","    }());","    switch (local.modeJs) {","","","","    // run browser js-env code - function","    case 'browser':","        break;","","","","    // run node js-env code - function","    case 'node':","        break;","    }","","","","    // run shared js-env code - post-init","    (function () {","        return;","    }());","    switch (local.modeJs) {","","","","    // run browser js-env code - post-init","    case 'browser':","        local.testCase_browser_nullCase = local.testCase_browser_nullCase || function (","            options,","            onError","        ) {","        /*","         * this function will test browsers's null-case handling-behavior-behavior","         */","            onError(null, options);","        };","","        // run tests","        local.nop(local.modeTest &&","            document.querySelector('#testRunButton1') &&","            document.querySelector('#testRunButton1').click());","        break;","","","","    // run node js-env code - post-init","    /* istanbul ignore next */","    case 'node':","        local.testCase_buildApidoc_default = local.testCase_buildApidoc_default || function (","            options,","            onError","        ) {","        /*","         * this function will test buildApidoc's default handling-behavior-behavior","         */","            options = { modulePathList: module.paths };","            local.buildApidoc(options, onError);","        };","","        local.testCase_buildApp_default = local.testCase_buildApp_default || function (","            options,","            onError","        ) {","        /*","         * this function will test buildApp's default handling-behavior-behavior","         */","            local.testCase_buildReadme_default(options, local.onErrorThrow);","            local.testCase_buildLib_default(options, local.onErrorThrow);","            local.testCase_buildTest_default(options, local.onErrorThrow);","            local.testCase_buildCustomOrg_default(options, local.onErrorThrow);","            options = [];","            local.buildApp(options, onError);","        };","","        local.testCase_buildCustomOrg_default = local.testCase_buildCustomOrg_default ||","            function (options, onError) {","            /*","             * this function will test buildCustomOrg's default handling-behavior","             */","                options = {};","                local.buildCustomOrg(options, onError);","            };","","        local.testCase_buildLib_default = local.testCase_buildLib_default || function (","            options,","            onError","        ) {","        /*","         * this function will test buildLib's default handling-behavior","         */","            options = {};","            local.buildLib(options, onError);","        };","","        local.testCase_buildReadme_default = local.testCase_buildReadme_default || function (","            options,","            onError","        ) {","        /*","         * this function will test buildReadme's default handling-behavior-behavior","         */","            options = {};","            local.buildReadme(options, onError);","        };","","        local.testCase_buildTest_default = local.testCase_buildTest_default || function (","            options,","            onError","        ) {","        /*","         * this function will test buildTest's default handling-behavior","         */","            options = {};","            local.buildTest(options, onError);","        };","","        local.testCase_webpage_default = local.testCase_webpage_default || function (","            options,","            onError","        ) {","        /*","         * this function will test webpage's default handling-behavior","         */","            options = { modeCoverageMerge: true, url: local.serverLocalHost + '?modeTest=1' };","            local.browserTest(options, onError);","        };","","        // run test-server","        local.testRunServer(local);","        break;","    }","}());",""],"l":{"12":2,"14":2,"19":2,"21":2,"23":2,"24":2,"25":2,"30":1,"37":2,"40":2,"43":1,"47":1,"50":1,"52":1,"55":2,"61":2,"62":2,"64":2,"70":1,"76":1,"82":2,"83":2,"85":2,"91":1,"98":1,"102":1,"105":1,"112":1,"119":1,"120":1,"123":1,"130":1,"131":1,"132":1,"133":1,"134":1,"135":1,"138":1,"143":2,"144":2,"147":1,"154":2,"155":2,"158":1,"165":2,"166":2,"169":1,"176":2,"177":2,"180":1,"187":1,"188":1,"192":1,"193":1}},"/home/travis/build/npmtest/node-npmtest-mocha-casperjs/lib.npmtest_mocha_casperjs.js":{"path":"/home/travis/build/npmtest/node-npmtest-mocha-casperjs/lib.npmtest_mocha_casperjs.js","s":{"1":2,"2":2,"3":2,"4":2,"5":2,"6":2,"7":2,"8":1,"9":2,"10":2,"11":2,"12":2,"13":1,"14":1,"15":1,"16":1},"b":{"1":[2,1,1,1],"2":[1,1,1,1],"3":[1,1],"4":[2,2],"5":[1,1]},"f":{"1":2,"2":2,"3":2},"fnMap":{"1":{"name":"(anonymous_1)","line":12,"loc":{"start":{"line":12,"column":1},"end":{"line":12,"column":13}}},"2":{"name":"(anonymous_2)","line":19,"loc":{"start":{"line":19,"column":5},"end":{"line":19,"column":17}}},"3":{"name":"(anonymous_3)","line":23,"loc":{"start":{"line":23,"column":24},"end":{"line":23,"column":36}}}},"statementMap":{"1":{"start":{"line":12,"column":0},"end":{"line":53,"column":5}},"2":{"start":{"line":14,"column":4},"end":{"line":14,"column":14}},"3":{"start":{"line":19,"column":4},"end":{"line":52,"column":9}},"4":{"start":{"line":21,"column":8},"end":{"line":21,"column":19}},"5":{"start":{"line":23,"column":8},"end":{"line":35,"column":13}},"6":{"start":{"line":24,"column":12},"end":{"line":34,"column":13}},"7":{"start":{"line":25,"column":16},"end":{"line":28,"column":30}},"8":{"start":{"line":30,"column":16},"end":{"line":33,"column":27}},"9":{"start":{"line":37,"column":8},"end":{"line":39,"column":21}},"10":{"start":{"line":41,"column":8},"end":{"line":41,"column":54}},"11":{"start":{"line":43,"column":8},"end":{"line":43,"column":59}},"12":{"start":{"line":45,"column":8},"end":{"line":51,"column":9}},"13":{"start":{"line":46,"column":12},"end":{"line":46,"column":65}},"14":{"start":{"line":48,"column":12},"end":{"line":48,"column":35}},"15":{"start":{"line":49,"column":12},"end":{"line":49,"column":49}},"16":{"start":{"line":50,"column":12},"end":{"line":50,"column":43}}},"branchMap":{"1":{"line":25,"type":"binary-expr","locations":[{"start":{"line":25,"column":23},"end":{"line":25,"column":62}},{"start":{"line":26,"column":20},"end":{"line":26,"column":70}},{"start":{"line":27,"column":20},"end":{"line":27,"column":71}},{"start":{"line":28,"column":20},"end":{"line":28,"column":29}}]},"2":{"line":30,"type":"binary-expr","locations":[{"start":{"line":30,"column":23},"end":{"line":30,"column":37}},{"start":{"line":31,"column":20},"end":{"line":31,"column":61}},{"start":{"line":32,"column":20},"end":{"line":32,"column":70}},{"start":{"line":33,"column":20},"end":{"line":33,"column":26}}]},"3":{"line":37,"type":"cond-expr","locations":[{"start":{"line":38,"column":14},"end":{"line":38,"column":20}},{"start":{"line":39,"column":14},"end":{"line":39,"column":20}}]},"4":{"line":41,"type":"binary-expr","locations":[{"start":{"line":41,"column":16},"end":{"line":41,"column":44}},{"start":{"line":41,"column":48},"end":{"line":41,"column":53}}]},"5":{"line":45,"type":"if","locations":[{"start":{"line":45,"column":8},"end":{"line":45,"column":8}},{"start":{"line":45,"column":8},"end":{"line":45,"column":8}}]}},"code":["/* istanbul instrument in package npmtest_mocha_casperjs */","/*jslint","    bitwise: true,","    browser: true,","    maxerr: 8,","    maxlen: 96,","    node: true,","    nomen: true,","    regexp: true,","    stupid: true","*/","(function () {","    'use strict';","    var local;","","","","    // run shared js-env code - pre-init","    (function () {","        // init local","        local = {};","        // init modeJs","        local.modeJs = (function () {","            try {","                return typeof navigator.userAgent === 'string' &&","                    typeof document.querySelector('body') === 'object' &&","                    typeof XMLHttpRequest.prototype.open === 'function' &&","                    'browser';","            } catch (errorCaughtBrowser) {","                return module.exports &&","                    typeof process.versions.node === 'string' &&","                    typeof require('http').createServer === 'function' &&","                    'node';","            }","        }());","        // init global","        local.global = local.modeJs === 'browser'","            ? window","            : global;","        // init utility2_rollup","        local = local.global.utility2_rollup || local;","        // init lib","        local.local = local.npmtest_mocha_casperjs = local;","        // init exports","        if (local.modeJs === 'browser') {","            local.global.utility2_npmtest_mocha_casperjs = local;","        } else {","            module.exports = local;","            module.exports.__dirname = __dirname;","            module.exports.module = module;","        }","    }());","}());",""],"l":{"12":2,"14":2,"19":2,"21":2,"23":2,"24":2,"25":2,"30":1,"37":2,"41":2,"43":2,"45":2,"46":1,"48":1,"49":1,"50":1}},"/home/travis/build/npmtest/node-npmtest-mocha-casperjs/example.js":{"path":"/home/travis/build/npmtest/node-npmtest-mocha-casperjs/example.js","s":{"1":2,"2":2,"3":2,"4":2,"5":2,"6":2,"7":2,"8":1,"9":2,"10":2,"11":2,"12":2,"13":1,"14":2,"15":2,"16":2,"17":2,"18":2,"19":0,"20":2,"21":1,"22":1,"23":1,"24":1,"25":1,"26":0,"27":0,"28":1,"29":1,"30":2,"31":0,"32":0,"33":0,"34":1,"35":2,"36":2,"37":3,"38":3,"39":3,"40":3,"41":0,"42":3,"43":3,"44":3,"45":1,"46":3,"47":1,"48":1,"49":1,"50":1,"51":1,"52":1,"53":1,"54":1,"55":1,"56":1,"57":0,"58":1,"59":6,"60":6,"61":1,"62":2,"63":0,"64":2,"65":1,"66":1,"67":0,"68":0,"69":0,"70":0,"71":0,"72":0,"73":0,"74":0,"75":0,"76":0,"77":0,"78":0,"79":0,"80":0,"81":0,"82":0,"83":0},"b":{"1":[2,1,1,1],"2":[1,1,1,1],"3":[1,1],"4":[2,2],"5":[1,1],"6":[1,1],"7":[2,0],"8":[2,1,1,1,1,1],"9":[0,2,0],"10":[1,1],"11":[2,1,1],"12":[1,0],"13":[0,2],"14":[2,0,0,0,0,0,0],"15":[0,3],"16":[3,0],"17":[1,1],"18":[0,1],"19":[1,2,0,2],"20":[1,0],"21":[1,1],"22":[0,0],"23":[0,0],"24":[0,0],"25":[0,0],"26":[0,0],"27":[0,0],"28":[0,0]},"f":{"1":2,"2":2,"3":2,"4":2,"5":2,"6":2,"7":3,"8":3,"9":3,"10":1,"11":6,"12":0},"fnMap":{"1":{"name":"(anonymous_1)","line":26,"loc":{"start":{"line":26,"column":1},"end":{"line":26,"column":13}}},"2":{"name":"(anonymous_2)","line":33,"loc":{"start":{"line":33,"column":5},"end":{"line":33,"column":17}}},"3":{"name":"(anonymous_3)","line":37,"loc":{"start":{"line":37,"column":24},"end":{"line":37,"column":36}}},"4":{"name":"(anonymous_4)","line":69,"loc":{"start":{"line":69,"column":31},"end":{"line":69,"column":48}},"skip":true},"5":{"name":"(anonymous_5)","line":78,"loc":{"start":{"line":78,"column":26},"end":{"line":78,"column":45}},"skip":true},"6":{"name":"(anonymous_6)","line":123,"loc":{"start":{"line":123,"column":33},"end":{"line":123,"column":48}},"skip":true},"7":{"name":"(anonymous_7)","line":125,"loc":{"start":{"line":125,"column":27},"end":{"line":125,"column":39}},"skip":true},"8":{"name":"(anonymous_8)","line":133,"loc":{"start":{"line":133,"column":59},"end":{"line":133,"column":74}},"skip":true},"9":{"name":"(anonymous_9)","line":143,"loc":{"start":{"line":143,"column":45},"end":{"line":143,"column":62}},"skip":true},"10":{"name":"(anonymous_10)","line":144,"loc":{"start":{"line":144,"column":73},"end":{"line":144,"column":92}},"skip":true},"11":{"name":"(anonymous_11)","line":272,"loc":{"start":{"line":272,"column":51},"end":{"line":272,"column":77}},"skip":true},"12":{"name":"(anonymous_12)","line":315,"loc":{"start":{"line":315,"column":32},"end":{"line":315,"column":61}},"skip":true}},"statementMap":{"1":{"start":{"line":26,"column":0},"end":{"line":326,"column":5}},"2":{"start":{"line":28,"column":4},"end":{"line":28,"column":14}},"3":{"start":{"line":33,"column":4},"end":{"line":60,"column":9}},"4":{"start":{"line":35,"column":8},"end":{"line":35,"column":19}},"5":{"start":{"line":37,"column":8},"end":{"line":49,"column":13}},"6":{"start":{"line":38,"column":12},"end":{"line":48,"column":13}},"7":{"start":{"line":39,"column":16},"end":{"line":42,"column":30}},"8":{"start":{"line":44,"column":16},"end":{"line":47,"column":27}},"9":{"start":{"line":51,"column":8},"end":{"line":53,"column":21}},"10":{"start":{"line":55,"column":8},"end":{"line":57,"column":45}},"11":{"start":{"line":59,"column":8},"end":{"line":59,"column":35}},"12":{"start":{"line":61,"column":4},"end":{"line":325,"column":5}},"13":{"start":{"line":69,"column":8},"end":{"line":121,"column":10},"skip":true},"14":{"start":{"line":70,"column":12},"end":{"line":88,"column":13},"skip":true},"15":{"start":{"line":76,"column":16},"end":{"line":87,"column":19},"skip":true},"16":{"start":{"line":79,"column":20},"end":{"line":86,"column":21},"skip":true},"17":{"start":{"line":82,"column":24},"end":{"line":82,"column":43},"skip":true},"18":{"start":{"line":83,"column":24},"end":{"line":83,"column":30},"skip":true},"19":{"start":{"line":85,"column":24},"end":{"line":85,"column":49},"skip":true},"20":{"start":{"line":89,"column":12},"end":{"line":107,"column":13},"skip":true},"21":{"start":{"line":92,"column":16},"end":{"line":102,"column":17},"skip":true},"22":{"start":{"line":93,"column":20},"end":{"line":93,"column":86},"skip":true},"23":{"start":{"line":94,"column":20},"end":{"line":95,"column":45},"skip":true},"24":{"start":{"line":96,"column":20},"end":{"line":96,"column":42},"skip":true},"25":{"start":{"line":97,"column":20},"end":{"line":97,"column":48},"skip":true},"26":{"start":{"line":100,"column":20},"end":{"line":100,"column":85},"skip":true},"27":{"start":{"line":101,"column":20},"end":{"line":101,"column":96},"skip":true},"28":{"start":{"line":103,"column":16},"end":{"line":103,"column":22},"skip":true},"29":{"start":{"line":106,"column":16},"end":{"line":106,"column":22},"skip":true},"30":{"start":{"line":108,"column":12},"end":{"line":120,"column":13},"skip":true},"31":{"start":{"line":114,"column":16},"end":{"line":119,"column":17},"skip":true},"32":{"start":{"line":116,"column":20},"end":{"line":116,"column":78},"skip":true},"33":{"start":{"line":118,"column":20},"end":{"line":118,"column":47},"skip":true},"34":{"start":{"line":123,"column":8},"end":{"line":141,"column":11},"skip":true},"35":{"start":{"line":124,"column":12},"end":{"line":124,"column":54},"skip":true},"36":{"start":{"line":125,"column":12},"end":{"line":140,"column":14},"skip":true},"37":{"start":{"line":126,"column":16},"end":{"line":126,"column":28},"skip":true},"38":{"start":{"line":127,"column":16},"end":{"line":127,"column":69},"skip":true},"39":{"start":{"line":128,"column":16},"end":{"line":128,"column":75},"skip":true},"40":{"start":{"line":129,"column":16},"end":{"line":131,"column":17},"skip":true},"41":{"start":{"line":130,"column":20},"end":{"line":130,"column":27},"skip":true},"42":{"start":{"line":133,"column":16},"end":{"line":137,"column":36},"skip":true},"43":{"start":{"line":134,"column":20},"end":{"line":136,"column":55},"skip":true},"44":{"start":{"line":139,"column":16},"end":{"line":139,"column":57},"skip":true},"45":{"start":{"line":143,"column":8},"end":{"line":147,"column":11},"skip":true},"46":{"start":{"line":144,"column":12},"end":{"line":146,"column":15},"skip":true},"47":{"start":{"line":145,"column":16},"end":{"line":145,"column":70},"skip":true},"48":{"start":{"line":149,"column":8},"end":{"line":149,"column":31},"skip":true},"49":{"start":{"line":150,"column":8},"end":{"line":150,"column":14},"skip":true},"50":{"start":{"line":158,"column":8},"end":{"line":158,"column":31},"skip":true},"51":{"start":{"line":160,"column":8},"end":{"line":160,"column":33},"skip":true},"52":{"start":{"line":161,"column":8},"end":{"line":161,"column":37},"skip":true},"53":{"start":{"line":162,"column":8},"end":{"line":162,"column":35},"skip":true},"54":{"start":{"line":164,"column":8},"end":{"line":164,"column":50},"skip":true},"55":{"start":{"line":166,"column":8},"end":{"line":256,"column":2},"skip":true},"56":{"start":{"line":258,"column":8},"end":{"line":286,"column":9},"skip":true},"57":{"start":{"line":259,"column":12},"end":{"line":269,"column":14},"skip":true},"58":{"start":{"line":271,"column":12},"end":{"line":285,"column":19},"skip":true},"59":{"start":{"line":274,"column":20},"end":{"line":274,"column":35},"skip":true},"60":{"start":{"line":275,"column":20},"end":{"line":284,"column":21},"skip":true},"61":{"start":{"line":277,"column":24},"end":{"line":277,"column":64},"skip":true},"62":{"start":{"line":279,"column":24},"end":{"line":279,"column":40},"skip":true},"63":{"start":{"line":281,"column":24},"end":{"line":281,"column":40},"skip":true},"64":{"start":{"line":283,"column":24},"end":{"line":283,"column":39},"skip":true},"65":{"start":{"line":288,"column":8},"end":{"line":290,"column":9},"skip":true},"66":{"start":{"line":289,"column":12},"end":{"line":289,"column":18},"skip":true},"67":{"start":{"line":291,"column":8},"end":{"line":293,"column":54},"skip":true},"68":{"start":{"line":296,"column":8},"end":{"line":301,"column":37},"skip":true},"69":{"start":{"line":303,"column":8},"end":{"line":303,"column":82},"skip":true},"70":{"start":{"line":306,"column":8},"end":{"line":308,"column":9},"skip":true},"71":{"start":{"line":307,"column":12},"end":{"line":307,"column":82},"skip":true},"72":{"start":{"line":310,"column":8},"end":{"line":312,"column":9},"skip":true},"73":{"start":{"line":311,"column":12},"end":{"line":311,"column":18},"skip":true},"74":{"start":{"line":313,"column":8},"end":{"line":313,"column":54},"skip":true},"75":{"start":{"line":314,"column":8},"end":{"line":314,"column":69},"skip":true},"76":{"start":{"line":315,"column":8},"end":{"line":323,"column":36},"skip":true},"77":{"start":{"line":316,"column":12},"end":{"line":316,"column":61},"skip":true},"78":{"start":{"line":317,"column":12},"end":{"line":320,"column":13},"skip":true},"79":{"start":{"line":318,"column":16},"end":{"line":318,"column":75},"skip":true},"80":{"start":{"line":319,"column":16},"end":{"line":319,"column":23},"skip":true},"81":{"start":{"line":321,"column":12},"end":{"line":321,"column":38},"skip":true},"82":{"start":{"line":322,"column":12},"end":{"line":322,"column":27},"skip":true},"83":{"start":{"line":324,"column":8},"end":{"line":324,"column":14},"skip":true}},"branchMap":{"1":{"line":39,"type":"binary-expr","locations":[{"start":{"line":39,"column":23},"end":{"line":39,"column":62}},{"start":{"line":40,"column":20},"end":{"line":40,"column":70}},{"start":{"line":41,"column":20},"end":{"line":41,"column":71}},{"start":{"line":42,"column":20},"end":{"line":42,"column":29}}]},"2":{"line":44,"type":"binary-expr","locations":[{"start":{"line":44,"column":23},"end":{"line":44,"column":37}},{"start":{"line":45,"column":20},"end":{"line":45,"column":61}},{"start":{"line":46,"column":20},"end":{"line":46,"column":70}},{"start":{"line":47,"column":20},"end":{"line":47,"column":26}}]},"3":{"line":51,"type":"cond-expr","locations":[{"start":{"line":52,"column":14},"end":{"line":52,"column":20}},{"start":{"line":53,"column":14},"end":{"line":53,"column":20}}]},"4":{"line":55,"type":"binary-expr","locations":[{"start":{"line":55,"column":16},"end":{"line":55,"column":44}},{"start":{"line":55,"column":49},"end":{"line":57,"column":43}}]},"5":{"line":55,"type":"cond-expr","locations":[{"start":{"line":56,"column":14},"end":{"line":56,"column":58}},{"start":{"line":57,"column":14},"end":{"line":57,"column":43}}]},"6":{"line":61,"type":"switch","locations":[{"start":{"line":68,"column":4},"end":{"line":150,"column":14},"skip":true},{"start":{"line":156,"column":4},"end":{"line":324,"column":14},"skip":true}]},"7":{"line":70,"type":"if","locations":[{"start":{"line":70,"column":12},"end":{"line":70,"column":12},"skip":true},{"start":{"line":70,"column":12},"end":{"line":70,"column":12},"skip":true}]},"8":{"line":70,"type":"binary-expr","locations":[{"start":{"line":70,"column":16},"end":{"line":70,"column":22},"skip":true},{"start":{"line":70,"column":27},"end":{"line":70,"column":32},"skip":true},{"start":{"line":71,"column":20},"end":{"line":71,"column":39},"skip":true},{"start":{"line":72,"column":20},"end":{"line":72,"column":49},"skip":true},{"start":{"line":73,"column":20},"end":{"line":73,"column":58},"skip":true},{"start":{"line":74,"column":20},"end":{"line":74,"column":69},"skip":true}]},"9":{"line":79,"type":"switch","locations":[{"start":{"line":80,"column":20},"end":{"line":80,"column":33},"skip":true},{"start":{"line":81,"column":20},"end":{"line":83,"column":30},"skip":true},{"start":{"line":84,"column":20},"end":{"line":85,"column":49},"skip":true}]},"10":{"line":89,"type":"switch","locations":[{"start":{"line":90,"column":12},"end":{"line":103,"column":22},"skip":true},{"start":{"line":105,"column":12},"end":{"line":106,"column":22},"skip":true}]},"11":{"line":89,"type":"binary-expr","locations":[{"start":{"line":89,"column":20},"end":{"line":89,"column":25},"skip":true},{"start":{"line":89,"column":29},"end":{"line":89,"column":48},"skip":true},{"start":{"line":89,"column":52},"end":{"line":89,"column":74},"skip":true}]},"12":{"line":92,"type":"if","locations":[{"start":{"line":92,"column":16},"end":{"line":92,"column":16},"skip":true},{"start":{"line":92,"column":16},"end":{"line":92,"column":16},"skip":true}]},"13":{"line":108,"type":"if","locations":[{"start":{"line":108,"column":12},"end":{"line":108,"column":12},"skip":true},{"start":{"line":108,"column":12},"end":{"line":108,"column":12},"skip":true}]},"14":{"line":108,"type":"binary-expr","locations":[{"start":{"line":108,"column":16},"end":{"line":108,"column":61},"skip":true},{"start":{"line":108,"column":66},"end":{"line":108,"column":72},"skip":true},{"start":{"line":108,"column":77},"end":{"line":108,"column":82},"skip":true},{"start":{"line":109,"column":20},"end":{"line":109,"column":39},"skip":true},{"start":{"line":110,"column":20},"end":{"line":110,"column":49},"skip":true},{"start":{"line":111,"column":20},"end":{"line":111,"column":58},"skip":true},{"start":{"line":112,"column":20},"end":{"line":112,"column":68},"skip":true}]},"15":{"line":129,"type":"if","locations":[{"start":{"line":129,"column":16},"end":{"line":129,"column":16},"skip":true},{"start":{"line":129,"column":16},"end":{"line":129,"column":16},"skip":true}]},"16":{"line":134,"type":"cond-expr","locations":[{"start":{"line":135,"column":26},"end":{"line":135,"column":29},"skip":true},{"start":{"line":136,"column":26},"end":{"line":136,"column":54},"skip":true}]},"17":{"line":164,"type":"binary-expr","locations":[{"start":{"line":164,"column":27},"end":{"line":164,"column":43},"skip":true},{"start":{"line":164,"column":47},"end":{"line":164,"column":49},"skip":true}]},"18":{"line":258,"type":"if","locations":[{"start":{"line":258,"column":8},"end":{"line":258,"column":8},"skip":true},{"start":{"line":258,"column":8},"end":{"line":258,"column":8},"skip":true}]},"19":{"line":275,"type":"switch","locations":[{"start":{"line":276,"column":20},"end":{"line":277,"column":64},"skip":true},{"start":{"line":278,"column":20},"end":{"line":279,"column":40},"skip":true},{"start":{"line":280,"column":20},"end":{"line":281,"column":40},"skip":true},{"start":{"line":282,"column":20},"end":{"line":283,"column":39},"skip":true}]},"20":{"line":288,"type":"if","locations":[{"start":{"line":288,"column":8},"end":{"line":288,"column":8},"skip":true},{"start":{"line":288,"column":8},"end":{"line":288,"column":8},"skip":true}]},"21":{"line":288,"type":"binary-expr","locations":[{"start":{"line":288,"column":12},"end":{"line":288,"column":40},"skip":true},{"start":{"line":288,"column":44},"end":{"line":288,"column":67},"skip":true}]},"22":{"line":292,"type":"binary-expr","locations":[{"start":{"line":292,"column":12},"end":{"line":292,"column":50},"skip":true},{"start":{"line":293,"column":12},"end":{"line":293,"column":53},"skip":true}]},"23":{"line":297,"type":"binary-expr","locations":[{"start":{"line":297,"column":12},"end":{"line":297,"column":72},"skip":true},{"start":{"line":298,"column":12},"end":{"line":301,"column":36},"skip":true}]},"24":{"line":303,"type":"binary-expr","locations":[{"start":{"line":303,"column":43},"end":{"line":303,"column":75},"skip":true},{"start":{"line":303,"column":79},"end":{"line":303,"column":81},"skip":true}]},"25":{"line":306,"type":"if","locations":[{"start":{"line":306,"column":8},"end":{"line":306,"column":8},"skip":true},{"start":{"line":306,"column":8},"end":{"line":306,"column":8},"skip":true}]},"26":{"line":310,"type":"if","locations":[{"start":{"line":310,"column":8},"end":{"line":310,"column":8},"skip":true},{"start":{"line":310,"column":8},"end":{"line":310,"column":8},"skip":true}]},"27":{"line":313,"type":"binary-expr","locations":[{"start":{"line":313,"column":27},"end":{"line":313,"column":43},"skip":true},{"start":{"line":313,"column":47},"end":{"line":313,"column":53},"skip":true}]},"28":{"line":317,"type":"if","locations":[{"start":{"line":317,"column":12},"end":{"line":317,"column":12},"skip":true},{"start":{"line":317,"column":12},"end":{"line":317,"column":12},"skip":true}]}},"code":["/*","example.js","","quickstart example","","instruction","    1. save this script as example.js","    2. run the shell command:","        $ npm install npmtest-mocha-casperjs && PORT=8081 node example.js","    3. play with the browser-demo on http://127.0.0.1:8081","*/","","","","/* istanbul instrument in package npmtest_mocha_casperjs */","/*jslint","    bitwise: true,","    browser: true,","    maxerr: 8,","    maxlen: 96,","    node: true,","    nomen: true,","    regexp: true,","    stupid: true","*/","(function () {","    'use strict';","    var local;","","","","    // run shared js-env code - pre-init","    (function () {","        // init local","        local = {};","        // init modeJs","        local.modeJs = (function () {","            try {","                return typeof navigator.userAgent === 'string' &&","                    typeof document.querySelector('body') === 'object' &&","                    typeof XMLHttpRequest.prototype.open === 'function' &&","                    'browser';","            } catch (errorCaughtBrowser) {","                return module.exports &&","                    typeof process.versions.node === 'string' &&","                    typeof require('http').createServer === 'function' &&","                    'node';","            }","        }());","        // init global","        local.global = local.modeJs === 'browser'","            ? window","            : global;","        // init utility2_rollup","        local = local.global.utility2_rollup || (local.modeJs === 'browser'","            ? local.global.utility2_npmtest_mocha_casperjs","            : global.utility2_moduleExports);","        // export local","        local.global.local = local;","    }());","    switch (local.modeJs) {","","","","    // post-init","    // run browser js-env code - post-init","    /* istanbul ignore next */","    case 'browser':","        local.testRunBrowser = function (event) {","            if (!event || (event &&","                    event.currentTarget &&","                    event.currentTarget.className &&","                    event.currentTarget.className.includes &&","                    event.currentTarget.className.includes('onreset'))) {","                // reset output","                Array.from(","                    document.querySelectorAll('body > .resettable')","                ).forEach(function (element) {","                    switch (element.tagName) {","                    case 'INPUT':","                    case 'TEXTAREA':","                        element.value = '';","                        break;","                    default:","                        element.textContent = '';","                    }","                });","            }","            switch (event && event.currentTarget && event.currentTarget.id) {","            case 'testRunButton1':","                // show tests","                if (document.querySelector('#testReportDiv1').style.display === 'none') {","                    document.querySelector('#testReportDiv1').style.display = 'block';","                    document.querySelector('#testRunButton1').textContent =","                        'hide internal test';","                    local.modeTest = true;","                    local.testRunDefault(local);","                // hide tests","                } else {","                    document.querySelector('#testReportDiv1').style.display = 'none';","                    document.querySelector('#testRunButton1').textContent = 'run internal test';","                }","                break;","            // custom-case","            default:","                break;","            }","            if (document.querySelector('#inputTextareaEval1') && (!event || (event &&","                    event.currentTarget &&","                    event.currentTarget.className &&","                    event.currentTarget.className.includes &&","                    event.currentTarget.className.includes('oneval')))) {","                // try to eval input-code","                try {","                    /*jslint evil: true*/","                    eval(document.querySelector('#inputTextareaEval1').value);","                } catch (errorCaught) {","                    console.error(errorCaught);","                }","            }","        };","        // log stderr and stdout to #outputTextareaStdout1","        ['error', 'log'].forEach(function (key) {","            console[key + '_original'] = console[key];","            console[key] = function () {","                var element;","                console[key + '_original'].apply(console, arguments);","                element = document.querySelector('#outputTextareaStdout1');","                if (!element) {","                    return;","                }","                // append text to #outputTextareaStdout1","                element.value += Array.from(arguments).map(function (arg) {","                    return typeof arg === 'string'","                        ? arg","                        : JSON.stringify(arg, null, 4);","                }).join(' ') + '\\n';","                // scroll textarea to bottom","                element.scrollTop = element.scrollHeight;","            };","        });","        // init event-handling","        ['change', 'click', 'keyup'].forEach(function (event) {","            Array.from(document.querySelectorAll('.on' + event)).forEach(function (element) {","                element.addEventListener(event, local.testRunBrowser);","            });","        });","        // run tests","        local.testRunBrowser();","        break;","","","","    // run node js-env code - post-init","    /* istanbul ignore next */","    case 'node':","        // export local","        module.exports = local;","        // require modules","        local.fs = require('fs');","        local.http = require('http');","        local.url = require('url');","        // init assets","        local.assetsDict = local.assetsDict || {};","        /* jslint-ignore-begin */","        local.assetsDict['/assets.index.template.html'] = '\\","<!doctype html>\\n\\","<html lang=\"en\">\\n\\","<head>\\n\\","<meta charset=\"UTF-8\">\\n\\","<meta name=\"viewport\" content=\"width=device-width, initial-scale=1\">\\n\\","<title>{{env.npm_package_name}} (v{{env.npm_package_version}})</title>\\n\\","<style>\\n\\","/*csslint\\n\\","    box-sizing: false,\\n\\","    universal-selector: false\\n\\","*/\\n\\","* {\\n\\","    box-sizing: border-box;\\n\\","}\\n\\","body {\\n\\","    background: #dde;\\n\\","    font-family: Arial, Helvetica, sans-serif;\\n\\","    margin: 2rem;\\n\\","}\\n\\","body > * {\\n\\","    margin-bottom: 1rem;\\n\\","}\\n\\",".utility2FooterDiv {\\n\\","    margin-top: 20px;\\n\\","    text-align: center;\\n\\","}\\n\\","</style>\\n\\","<style>\\n\\","/*csslint\\n\\","*/\\n\\","textarea {\\n\\","    font-family: monospace;\\n\\","    height: 10rem;\\n\\","    width: 100%;\\n\\","}\\n\\","textarea[readonly] {\\n\\","    background: #ddd;\\n\\","}\\n\\","</style>\\n\\","</head>\\n\\","<body>\\n\\","<!-- utility2-comment\\n\\","<div id=\"ajaxProgressDiv1\" style=\"background: #d00; height: 2px; left: 0; margin: 0; padding: 0; position: fixed; top: 0; transition: background 0.5s, width 1.5s; width: 25%;\"></div>\\n\\","utility2-comment -->\\n\\","<h1>\\n\\","<!-- utility2-comment\\n\\","    <a\\n\\","        {{#if env.npm_package_homepage}}\\n\\","        href=\"{{env.npm_package_homepage}}\"\\n\\","        {{/if env.npm_package_homepage}}\\n\\","        target=\"_blank\"\\n\\","    >\\n\\","utility2-comment -->\\n\\","        {{env.npm_package_name}} (v{{env.npm_package_version}})\\n\\","<!-- utility2-comment\\n\\","    </a>\\n\\","utility2-comment -->\\n\\","</h1>\\n\\","<h3>{{env.npm_package_description}}</h3>\\n\\","<!-- utility2-comment\\n\\","<h4><a download href=\"assets.app.js\">download standalone app</a></h4>\\n\\","<button class=\"onclick onreset\" id=\"testRunButton1\">run internal test</button><br>\\n\\","<div id=\"testReportDiv1\" style=\"display: none;\"></div>\\n\\","utility2-comment -->\\n\\","\\n\\","\\n\\","\\n\\","<label>stderr and stdout</label>\\n\\","<textarea class=\"resettable\" id=\"outputTextareaStdout1\" readonly></textarea>\\n\\","<!-- utility2-comment\\n\\","{{#if isRollup}}\\n\\","<script src=\"assets.app.js\"></script>\\n\\","{{#unless isRollup}}\\n\\","utility2-comment -->\\n\\","<script src=\"assets.utility2.rollup.js\"></script>\\n\\","<script src=\"jsonp.utility2._stateInit?callback=window.utility2._stateInit\"></script>\\n\\","<script src=\"assets.npmtest_mocha_casperjs.rollup.js\"></script>\\n\\","<script src=\"assets.example.js\"></script>\\n\\","<script src=\"assets.test.js\"></script>\\n\\","<!-- utility2-comment\\n\\","{{/if isRollup}}\\n\\","utility2-comment -->\\n\\","<div class=\"utility2FooterDiv\">\\n\\","    [ this app was created with\\n\\","    <a href=\"https://github.com/kaizhu256/node-utility2\" target=\"_blank\">utility2</a>\\n\\","    ]\\n\\","</div>\\n\\","</body>\\n\\","</html>\\n\\","';","        /* jslint-ignore-end */","        if (local.templateRender) {","            local.assetsDict['/'] = local.templateRender(","                local.assetsDict['/assets.index.template.html'],","                {","                    env: local.objectSetDefault(local.env, {","                        npm_package_description: 'the greatest app in the world!',","                        npm_package_name: 'my-app',","                        npm_package_nameAlias: 'my_app',","                        npm_package_version: '0.0.1'","                    })","                }","            );","        } else {","            local.assetsDict['/'] = local.assetsDict['/assets.index.template.html']","                .replace((/\\{\\{env\\.(\\w+?)\\}\\}/g), function (match0, match1) {","                    // jslint-hack","                    String(match0);","                    switch (match1) {","                    case 'npm_package_description':","                        return 'the greatest app in the world!';","                    case 'npm_package_name':","                        return 'my-app';","                    case 'npm_package_nameAlias':","                        return 'my_app';","                    case 'npm_package_version':","                        return '0.0.1';","                    }","                });","        }","        // run the cli","        if (local.global.utility2_rollup || module !== require.main) {","            break;","        }","        local.assetsDict['/assets.example.js'] =","            local.assetsDict['/assets.example.js'] ||","            local.fs.readFileSync(__filename, 'utf8');","        // bug-workaround - long $npm_package_buildCustomOrg","        /* jslint-ignore-begin */","        local.assetsDict['/assets.npmtest_mocha_casperjs.rollup.js'] =","            local.assetsDict['/assets.npmtest_mocha_casperjs.rollup.js'] ||","            local.fs.readFileSync(","                local.npmtest_mocha_casperjs.__dirname + '/lib.npmtest_mocha_casperjs.js',","                'utf8'","            ).replace((/^#!/), '//');","        /* jslint-ignore-end */","        local.assetsDict['/favicon.ico'] = local.assetsDict['/favicon.ico'] || '';","        // if $npm_config_timeout_exit exists,","        // then exit this process after $npm_config_timeout_exit ms","        if (Number(process.env.npm_config_timeout_exit)) {","            setTimeout(process.exit, Number(process.env.npm_config_timeout_exit));","        }","        // start server","        if (local.global.utility2_serverHttp1) {","            break;","        }","        process.env.PORT = process.env.PORT || '8081';","        console.error('server starting on port ' + process.env.PORT);","        local.http.createServer(function (request, response) {","            request.urlParsed = local.url.parse(request.url);","            if (local.assetsDict[request.urlParsed.pathname] !== undefined) {","                response.end(local.assetsDict[request.urlParsed.pathname]);","                return;","            }","            response.statusCode = 404;","            response.end();","        }).listen(process.env.PORT);","        break;","    }","}());",""],"l":{"26":2,"28":2,"33":2,"35":2,"37":2,"38":2,"39":2,"44":1,"51":2,"55":2,"59":2,"61":2,"69":1,"70":2,"76":2,"79":2,"82":2,"83":2,"85":1,"89":2,"92":1,"93":1,"94":1,"96":1,"97":1,"100":1,"101":1,"103":1,"106":1,"108":2,"114":1,"116":1,"118":1,"123":1,"124":2,"125":2,"126":3,"127":3,"128":3,"129":3,"130":1,"133":3,"134":3,"139":3,"143":1,"144":3,"145":1,"149":1,"150":1,"158":1,"160":1,"161":1,"162":1,"164":1,"166":1,"258":1,"259":1,"271":1,"274":6,"275":6,"277":1,"279":2,"281":1,"283":2,"288":1,"289":1,"291":1,"296":1,"303":1,"306":1,"307":1,"310":1,"311":1,"313":1,"314":1,"315":1,"316":1,"317":1,"318":1,"319":1,"321":1,"322":1,"324":1}},"/home/travis/build/npmtest/node-npmtest-mocha-casperjs/node_modules/mocha-casperjs/mocha-casperjs.js":{"path":"/home/travis/build/npmtest/node-npmtest-mocha-casperjs/node_modules/mocha-casperjs/mocha-casperjs.js","s":{"1":1,"2":0,"3":0,"4":0,"5":0,"6":0,"7":0,"8":0,"9":0,"10":0,"11":0,"12":0,"13":0,"14":0,"15":0,"16":0,"17":0,"18":0,"19":0,"20":0,"21":0,"22":0,"23":0,"24":0,"25":0,"26":0,"27":0,"28":0,"29":0,"30":0,"31":0,"32":0,"33":0,"34":0,"35":0,"36":0,"37":0,"38":0,"39":0,"40":0,"41":0,"42":0,"43":0,"44":0,"45":0,"46":0,"47":0,"48":0,"49":0,"50":0,"51":0,"52":0,"53":0,"54":0,"55":0,"56":0,"57":0,"58":0,"59":0,"60":0,"61":0,"62":0,"63":0,"64":0,"65":0,"66":0,"67":0,"68":0,"69":0,"70":0,"71":0,"72":0,"73":0,"74":0,"75":0,"76":0,"77":0,"78":0,"79":0,"80":0,"81":0,"82":0,"83":0,"84":0,"85":0,"86":0,"87":0,"88":0,"89":0,"90":0,"91":0,"92":0,"93":0,"94":0},"b":{"1":[0,0],"2":[0,0,0],"3":[0,0],"4":[0,0],"5":[0,0],"6":[0,0],"7":[0,0],"8":[0,0],"9":[0,0],"10":[0,0],"11":[0,0],"12":[0,0],"13":[0,0],"14":[0,0],"15":[0,0],"16":[0,0],"17":[0,0,0,0,0],"18":[0,0],"19":[0,0],"20":[0,0],"21":[0,0,0],"22":[0,0],"23":[0,0],"24":[0,0],"25":[0,0,0,0],"26":[0,0],"27":[0,0],"28":[0,0]},"f":{"1":0,"2":0,"3":0,"4":0,"5":0,"6":0,"7":0,"8":0,"9":0,"10":0,"11":0,"12":0,"13":0,"14":0,"15":0,"16":0,"17":0,"18":0,"19":0,"20":0,"21":0,"22":0},"fnMap":{"1":{"name":"(anonymous_1)","line":1,"loc":{"start":{"line":1,"column":17},"end":{"line":1,"column":49}}},"2":{"name":"(anonymous_2)","line":6,"loc":{"start":{"line":6,"column":16},"end":{"line":6,"column":27}}},"3":{"name":"(anonymous_3)","line":14,"loc":{"start":{"line":14,"column":13},"end":{"line":14,"column":29}}},"4":{"name":"(anonymous_4)","line":25,"loc":{"start":{"line":25,"column":17},"end":{"line":25,"column":28}}},"5":{"name":"(anonymous_5)","line":33,"loc":{"start":{"line":33,"column":15},"end":{"line":33,"column":26}}},"6":{"name":"(anonymous_6)","line":47,"loc":{"start":{"line":47,"column":12},"end":{"line":47,"column":28}}},"7":{"name":"(anonymous_7)","line":48,"loc":{"start":{"line":48,"column":21},"end":{"line":48,"column":37}}},"8":{"name":"(anonymous_8)","line":53,"loc":{"start":{"line":53,"column":31},"end":{"line":53,"column":58}}},"9":{"name":"(anonymous_9)","line":83,"loc":{"start":{"line":83,"column":28},"end":{"line":83,"column":43}}},"10":{"name":"(anonymous_10)","line":87,"loc":{"start":{"line":87,"column":23},"end":{"line":87,"column":34}}},"11":{"name":"(anonymous_11)","line":93,"loc":{"start":{"line":93,"column":91},"end":{"line":93,"column":102}}},"12":{"name":"(anonymous_12)","line":104,"loc":{"start":{"line":104,"column":11},"end":{"line":104,"column":23}}},"13":{"name":"(anonymous_13)","line":107,"loc":{"start":{"line":107,"column":11},"end":{"line":107,"column":25}}},"14":{"name":"(anonymous_14)","line":109,"loc":{"start":{"line":109,"column":17},"end":{"line":109,"column":33}}},"15":{"name":"(anonymous_15)","line":124,"loc":{"start":{"line":124,"column":25},"end":{"line":124,"column":37}}},"16":{"name":"(anonymous_16)","line":141,"loc":{"start":{"line":141,"column":39},"end":{"line":141,"column":51}}},"17":{"name":"(anonymous_17)","line":149,"loc":{"start":{"line":149,"column":11},"end":{"line":149,"column":23}}},"18":{"name":"(anonymous_18)","line":152,"loc":{"start":{"line":152,"column":11},"end":{"line":152,"column":23}}},"19":{"name":"(anonymous_19)","line":161,"loc":{"start":{"line":161,"column":19},"end":{"line":161,"column":32}}},"20":{"name":"(anonymous_20)","line":173,"loc":{"start":{"line":173,"column":44},"end":{"line":173,"column":56}}},"21":{"name":"(anonymous_21)","line":196,"loc":{"start":{"line":196,"column":18},"end":{"line":196,"column":29}}},"22":{"name":"(anonymous_22)","line":197,"loc":{"start":{"line":197,"column":16},"end":{"line":197,"column":27}}}},"statementMap":{"1":{"start":{"line":1,"column":0},"end":{"line":204,"column":1}},"2":{"start":{"line":2,"column":2},"end":{"line":35,"column":3}},"3":{"start":{"line":7,"column":4},"end":{"line":7,"column":25}},"4":{"start":{"line":8,"column":4},"end":{"line":11,"column":5}},"5":{"start":{"line":10,"column":6},"end":{"line":10,"column":62}},"6":{"start":{"line":15,"column":4},"end":{"line":15,"column":19}},"7":{"start":{"line":16,"column":4},"end":{"line":16,"column":33}},"8":{"start":{"line":18,"column":4},"end":{"line":22,"column":5}},"9":{"start":{"line":19,"column":6},"end":{"line":19,"column":36}},"10":{"start":{"line":21,"column":6},"end":{"line":21,"column":34}},"11":{"start":{"line":24,"column":4},"end":{"line":30,"column":5}},"12":{"start":{"line":25,"column":6},"end":{"line":27,"column":9}},"13":{"start":{"line":26,"column":8},"end":{"line":26,"column":22}},"14":{"start":{"line":29,"column":6},"end":{"line":29,"column":20}},"15":{"start":{"line":34,"column":4},"end":{"line":34,"column":38}},"16":{"start":{"line":37,"column":2},"end":{"line":37,"column":45}},"17":{"start":{"line":40,"column":2},"end":{"line":51,"column":4}},"18":{"start":{"line":48,"column":4},"end":{"line":50,"column":6}},"19":{"start":{"line":49,"column":6},"end":{"line":49,"column":21}},"20":{"start":{"line":53,"column":2},"end":{"line":81,"column":4}},"21":{"start":{"line":54,"column":4},"end":{"line":54,"column":16}},"22":{"start":{"line":55,"column":4},"end":{"line":55,"column":63}},"23":{"start":{"line":56,"column":4},"end":{"line":56,"column":27}},"24":{"start":{"line":58,"column":4},"end":{"line":78,"column":5}},"25":{"start":{"line":59,"column":6},"end":{"line":59,"column":130}},"26":{"start":{"line":61,"column":9},"end":{"line":78,"column":5}},"27":{"start":{"line":62,"column":6},"end":{"line":62,"column":129}},"28":{"start":{"line":64,"column":9},"end":{"line":78,"column":5}},"29":{"start":{"line":65,"column":6},"end":{"line":65,"column":66}},"30":{"start":{"line":67,"column":9},"end":{"line":78,"column":5}},"31":{"start":{"line":68,"column":6},"end":{"line":68,"column":70}},"32":{"start":{"line":70,"column":9},"end":{"line":78,"column":5}},"33":{"start":{"line":71,"column":6},"end":{"line":71,"column":83}},"34":{"start":{"line":73,"column":9},"end":{"line":78,"column":5}},"35":{"start":{"line":74,"column":6},"end":{"line":74,"column":97}},"36":{"start":{"line":76,"column":9},"end":{"line":78,"column":5}},"37":{"start":{"line":77,"column":6},"end":{"line":77,"column":96}},"38":{"start":{"line":80,"column":4},"end":{"line":80,"column":32}},"39":{"start":{"line":83,"column":2},"end":{"line":86,"column":4}},"40":{"start":{"line":84,"column":4},"end":{"line":84,"column":16}},"41":{"start":{"line":85,"column":4},"end":{"line":85,"column":88}},"42":{"start":{"line":87,"column":2},"end":{"line":90,"column":4}},"43":{"start":{"line":88,"column":4},"end":{"line":88,"column":16}},"44":{"start":{"line":89,"column":4},"end":{"line":89,"column":76}},"45":{"start":{"line":93,"column":2},"end":{"line":93,"column":104}},"46":{"start":{"line":96,"column":2},"end":{"line":96,"column":36}},"47":{"start":{"line":100,"column":2},"end":{"line":156,"column":4}},"48":{"start":{"line":105,"column":8},"end":{"line":105,"column":35}},"49":{"start":{"line":108,"column":8},"end":{"line":139,"column":10}},"50":{"start":{"line":110,"column":12},"end":{"line":110,"column":35}},"51":{"start":{"line":111,"column":12},"end":{"line":111,"column":30}},"52":{"start":{"line":116,"column":12},"end":{"line":116,"column":31}},"53":{"start":{"line":122,"column":12},"end":{"line":135,"column":13}},"54":{"start":{"line":124,"column":14},"end":{"line":129,"column":16}},"55":{"start":{"line":125,"column":16},"end":{"line":125,"column":37}},"56":{"start":{"line":126,"column":16},"end":{"line":128,"column":17}},"57":{"start":{"line":127,"column":18},"end":{"line":127,"column":24}},"58":{"start":{"line":130,"column":19},"end":{"line":135,"column":13}},"59":{"start":{"line":134,"column":14},"end":{"line":134,"column":20}},"60":{"start":{"line":141,"column":8},"end":{"line":143,"column":9}},"61":{"start":{"line":142,"column":10},"end":{"line":142,"column":31}},"62":{"start":{"line":150,"column":8},"end":{"line":150,"column":56}},"63":{"start":{"line":161,"column":2},"end":{"line":192,"column":4}},"64":{"start":{"line":162,"column":4},"end":{"line":162,"column":10}},"65":{"start":{"line":163,"column":4},"end":{"line":169,"column":5}},"66":{"start":{"line":164,"column":6},"end":{"line":164,"column":23}},"67":{"start":{"line":165,"column":6},"end":{"line":167,"column":7}},"68":{"start":{"line":166,"column":8},"end":{"line":166,"column":51}},"69":{"start":{"line":168,"column":6},"end":{"line":168,"column":31}},"70":{"start":{"line":170,"column":4},"end":{"line":170,"column":10}},"71":{"start":{"line":171,"column":4},"end":{"line":171,"column":25}},"72":{"start":{"line":172,"column":4},"end":{"line":172,"column":26}},"73":{"start":{"line":173,"column":4},"end":{"line":183,"column":7}},"74":{"start":{"line":174,"column":6},"end":{"line":174,"column":33}},"75":{"start":{"line":174,"column":22},"end":{"line":174,"column":33}},"76":{"start":{"line":175,"column":6},"end":{"line":175,"column":29}},"77":{"start":{"line":175,"column":20},"end":{"line":175,"column":29}},"78":{"start":{"line":176,"column":6},"end":{"line":182,"column":7}},"79":{"start":{"line":177,"column":19},"end":{"line":177,"column":44}},"80":{"start":{"line":178,"column":19},"end":{"line":178,"column":44}},"81":{"start":{"line":179,"column":19},"end":{"line":179,"column":52}},"82":{"start":{"line":181,"column":10},"end":{"line":181,"column":19}},"83":{"start":{"line":184,"column":4},"end":{"line":190,"column":5}},"84":{"start":{"line":185,"column":6},"end":{"line":189,"column":7}},"85":{"start":{"line":186,"column":8},"end":{"line":186,"column":23}},"86":{"start":{"line":188,"column":8},"end":{"line":188,"column":39}},"87":{"start":{"line":191,"column":4},"end":{"line":191,"column":15}},"88":{"start":{"line":194,"column":2},"end":{"line":195,"column":27}},"89":{"start":{"line":196,"column":2},"end":{"line":196,"column":98}},"90":{"start":{"line":196,"column":31},"end":{"line":196,"column":97}},"91":{"start":{"line":197,"column":2},"end":{"line":197,"column":94}},"92":{"start":{"line":197,"column":29},"end":{"line":197,"column":93}},"93":{"start":{"line":202,"column":2},"end":{"line":202,"column":37}},"94":{"start":{"line":203,"column":2},"end":{"line":203,"column":49}}},"branchMap":{"1":{"line":8,"type":"if","locations":[{"start":{"line":8,"column":4},"end":{"line":8,"column":4}},{"start":{"line":8,"column":4},"end":{"line":8,"column":4}}]},"2":{"line":8,"type":"binary-expr","locations":[{"start":{"line":8,"column":8},"end":{"line":8,"column":19}},{"start":{"line":8,"column":24},"end":{"line":8,"column":36}},{"start":{"line":8,"column":40},"end":{"line":8,"column":58}}]},"3":{"line":10,"type":"binary-expr","locations":[{"start":{"line":10,"column":18},"end":{"line":10,"column":36}},{"start":{"line":10,"column":40},"end":{"line":10,"column":61}}]},"4":{"line":18,"type":"if","locations":[{"start":{"line":18,"column":4},"end":{"line":18,"column":4}},{"start":{"line":18,"column":4},"end":{"line":18,"column":4}}]},"5":{"line":24,"type":"if","locations":[{"start":{"line":24,"column":4},"end":{"line":24,"column":4}},{"start":{"line":24,"column":4},"end":{"line":24,"column":4}}]},"6":{"line":56,"type":"binary-expr","locations":[{"start":{"line":56,"column":14},"end":{"line":56,"column":21}},{"start":{"line":56,"column":25},"end":{"line":56,"column":27}}]},"7":{"line":58,"type":"if","locations":[{"start":{"line":58,"column":4},"end":{"line":58,"column":4}},{"start":{"line":58,"column":4},"end":{"line":58,"column":4}}]},"8":{"line":59,"type":"cond-expr","locations":[{"start":{"line":59,"column":38},"end":{"line":59,"column":68}},{"start":{"line":59,"column":71},"end":{"line":59,"column":102}}]},"9":{"line":61,"type":"if","locations":[{"start":{"line":61,"column":9},"end":{"line":61,"column":9}},{"start":{"line":61,"column":9},"end":{"line":61,"column":9}}]},"10":{"line":62,"type":"cond-expr","locations":[{"start":{"line":62,"column":38},"end":{"line":62,"column":70}},{"start":{"line":62,"column":73},"end":{"line":62,"column":102}}]},"11":{"line":64,"type":"if","locations":[{"start":{"line":64,"column":9},"end":{"line":64,"column":9}},{"start":{"line":64,"column":9},"end":{"line":64,"column":9}}]},"12":{"line":67,"type":"if","locations":[{"start":{"line":67,"column":9},"end":{"line":67,"column":9}},{"start":{"line":67,"column":9},"end":{"line":67,"column":9}}]},"13":{"line":70,"type":"if","locations":[{"start":{"line":70,"column":9},"end":{"line":70,"column":9}},{"start":{"line":70,"column":9},"end":{"line":70,"column":9}}]},"14":{"line":73,"type":"if","locations":[{"start":{"line":73,"column":9},"end":{"line":73,"column":9}},{"start":{"line":73,"column":9},"end":{"line":73,"column":9}}]},"15":{"line":76,"type":"if","locations":[{"start":{"line":76,"column":9},"end":{"line":76,"column":9}},{"start":{"line":76,"column":9},"end":{"line":76,"column":9}}]},"16":{"line":122,"type":"if","locations":[{"start":{"line":122,"column":12},"end":{"line":122,"column":12}},{"start":{"line":122,"column":12},"end":{"line":122,"column":12}}]},"17":{"line":122,"type":"binary-expr","locations":[{"start":{"line":122,"column":16},"end":{"line":122,"column":27}},{"start":{"line":122,"column":31},"end":{"line":122,"column":43}},{"start":{"line":122,"column":47},"end":{"line":122,"column":66}},{"start":{"line":123,"column":16},"end":{"line":123,"column":49}},{"start":{"line":123,"column":53},"end":{"line":123,"column":68}}]},"18":{"line":126,"type":"if","locations":[{"start":{"line":126,"column":16},"end":{"line":126,"column":16}},{"start":{"line":126,"column":16},"end":{"line":126,"column":16}}]},"19":{"line":126,"type":"binary-expr","locations":[{"start":{"line":126,"column":20},"end":{"line":126,"column":32}},{"start":{"line":126,"column":36},"end":{"line":126,"column":54}}]},"20":{"line":130,"type":"if","locations":[{"start":{"line":130,"column":19},"end":{"line":130,"column":19}},{"start":{"line":130,"column":19},"end":{"line":130,"column":19}}]},"21":{"line":130,"type":"binary-expr","locations":[{"start":{"line":130,"column":23},"end":{"line":130,"column":38}},{"start":{"line":130,"column":42},"end":{"line":130,"column":53}},{"start":{"line":130,"column":57},"end":{"line":130,"column":75}}]},"22":{"line":163,"type":"if","locations":[{"start":{"line":163,"column":4},"end":{"line":163,"column":4}},{"start":{"line":163,"column":4},"end":{"line":163,"column":4}}]},"23":{"line":174,"type":"if","locations":[{"start":{"line":174,"column":6},"end":{"line":174,"column":6}},{"start":{"line":174,"column":6},"end":{"line":174,"column":6}}]},"24":{"line":175,"type":"if","locations":[{"start":{"line":175,"column":6},"end":{"line":175,"column":6}},{"start":{"line":175,"column":6},"end":{"line":175,"column":6}}]},"25":{"line":176,"type":"switch","locations":[{"start":{"line":177,"column":8},"end":{"line":177,"column":44}},{"start":{"line":178,"column":8},"end":{"line":178,"column":44}},{"start":{"line":179,"column":8},"end":{"line":179,"column":52}},{"start":{"line":180,"column":8},"end":{"line":181,"column":19}}]},"26":{"line":185,"type":"if","locations":[{"start":{"line":185,"column":6},"end":{"line":185,"column":6}},{"start":{"line":185,"column":6},"end":{"line":185,"column":6}}]},"27":{"line":185,"type":"binary-expr","locations":[{"start":{"line":185,"column":10},"end":{"line":185,"column":20}},{"start":{"line":185,"column":24},"end":{"line":185,"column":45}}]},"28":{"line":202,"type":"binary-expr","locations":[{"start":{"line":202,"column":18},"end":{"line":202,"column":31}},{"start":{"line":202,"column":35},"end":{"line":202,"column":37}}]}},"code":["module.exports = function (Mocha, casper, utils) {","  var currentDone,","      currentTest,","      f = utils.format,","","  reportError = function() {","    casper.checker = null","    if (currentDone && (!currentTest || !currentTest.state)) {","      // the first error takes priority","      currentDone(currentTest.errors && currentTest.errors[0])","    }","  },","","  failTest = function(error) {","    casper.unwait()","    clearInterval(casper.checker)","","    if (currentTest.errors) {","      currentTest.errors.push(error)","    } else {","      currentTest.errors = [error]","    }","","    if ( casper.step < casper.steps.length ) {","      casper.run(function() {","        reportError();","      });","    } else {","      reportError();","    }","  },","","  resetSteps = function() {","    casper.bypass(casper.steps.length)","  }","","  Mocha.prototype.failCurrentTest = failTest;","","  // hookup to all the various casper error events and save that error to report to mocha later","  [","    'error',","    'wait.error',","    'waitFor.timeout.error',","    'event.error',","    'complete.error',","    'step.error'","  ].forEach(function(event) {","    casper.on(event, function(error) {","      failTest(error)","    })","  })","","  casper.on('waitFor.timeout', function(timeout, details) {","    resetSteps()","    var message = f('waitFor timeout of %dms occured', timeout)","    details = details || {}","","    if (details.selector) {","      message = f(details.waitWhile ? '\"%s\" never went away in %dms' : '\"%s\" still did not exist %dms', details.selector, timeout)","    }","    else if (details.visible) {","      message = f(details.waitWhile ? '\"%s\" never disappeared in %dms' : '\"%s\" never appeared in %dms', details.visible, timeout)","    }","    else if (details.url) {","      message = f('%s did not load in %dms', details.url, timeout)","    }","    else if (details.popup) {","      message = f('%s did not pop up in %dms', details.popup, timeout)","    }","    else if (details.text) {","      message = f('\"%s\" did not appear in the page in %dms', details.text, timeout)","    }","    else if (details.selectorTextChange) {","      message = f('\"%s\" did not have a text change in %dms', details.selectorTextChange, timeout)","    }","    else if (typeof details.testFx === 'Function') {","      message = f('\"%s\" did not appear in the page in %dms', details.testFx.toString(), timeout)","    }","","    failTest(new Error(message))","  })","","  casper.on('step.timeout', function(step) {","    resetSteps()","    failTest(new Error(f('step %d timed out (%dms)', step, casper.options.stepTimeout)))","  })","  casper.on('timeout', function() {","    resetSteps()","    failTest(new Error(f('Load timeout of (%dms)', casper.options.timeout)))","  })","","  // clear Casper's default handlers for these as we handle everything through events","  casper.options.onTimeout = casper.options.onWaitTimeout = casper.options.onStepTimeout = function() {}","","  // casper will exit on step failure by default","  casper.options.silentErrors = true","","  // Method for patching mocha to run casper steps is inspired by https://github.com/domenic/mocha-as-promised","  //","  Object.defineProperties(Mocha.Runnable.prototype, {","    fn: {","      configurable: true,","      enumerable: true,","      get: function () {","        return this.casperWraperFn;","      },","      set: function (fn) {","        Object.defineProperty(this, 'casperWraperFn', {","          value: function (done) {","            currentTest = this.test","            currentDone = done","","            // Run the original `fn`, passing along `done` for the case in which it's callback-asynchronous.","            // Make sure to forward the `this` context, since you can set variables and stuff on it to share","            // within a suite.","            fn.call(this, done)","","            // only flush the casper steps on test Runnables,","            // and if there are steps not ran,","            // and no set of steps are running (casper.checker is the setInterval for the checkSteps call)","","            if (currentTest && casper.steps && casper.steps.length &&","                casper.step < casper.steps.length && !casper.checker) {","              casper.run(function () {","                casper.checker = null","                if (!currentTest || !currentTest.state) {","                  done()","                }","              })","            } else if (fn.length === 0 && currentTest && !currentTest.state) {","              // If `fn` is synchronous (i.e. didn't have a `done` parameter and didn't return a promise),","              // call `done` now. (If it's callback-asynchronous, `fn` will call `done` eventually since","              // we passed it in above.)","              done()","            }","          },","          writable: true,","          configurable: true","        })","","        this.casperWraperFn.toString = function () {","          return fn.toString();","        }","      }","    },","    async: {","      configurable: true,","      enumerable: true,","      get: function () {","        return typeof this.casperWraperFn === 'function'","      },","      set: function () {","        // Ignore Mocha trying to set this - tests are always asyncronous with our wrapper","      }","    }","  })","","  // Mocha needs the formating feature of console.log so copy node's format function and","  // monkey-patch it into place. This code is copied from node's, links copyright applies.","  // https://github.com/joyent/node/blob/master/lib/util.js","  console.format = function (f) {","    var i;","    if (typeof f !== 'string') {","      var objects = [];","      for (i = 0; i < arguments.length; i++) {","        objects.push(JSON.stringify(arguments[i]));","      }","      return objects.join(' ');","    }","    i = 1;","    var args = arguments;","    var len = args.length;","    var str = String(f).replace(/%[sdj%]/g, function(x) {","      if (x === '%%') return '%';","      if (i >= len) return x;","      switch (x) {","        case '%s': return String(args[i++]);","        case '%d': return Number(args[i++]);","        case '%j': return JSON.stringify(args[i++]);","        default:","          return x;","      }","    });","    for (var x = args[i]; i < len; x = args[++i]) {","      if (x === null || typeof x !== 'object') {","        str += ' ' + x;","      } else {","        str += ' ' + JSON.stringify(x);","      }","    }","    return str;","  };","","  var origError = console.error,","      origLog = console.log","  console.error = function() { origError.call(console, console.format.apply(console, arguments)) }","  console.log = function() { origLog.call(console, console.format.apply(console, arguments)) }","","  // Since we're using the precompiled version of mocha usually meant for the browser, ","  // patch the expossed process object (thanks mocha-phantomjs users for ensuring it's exposed)","  // https://github.com/visionmedia/mocha/issues/770","  Mocha.process = Mocha.process || {}","  Mocha.process.stdout = require('system').stdout","}",""],"l":{"1":1,"2":0,"7":0,"8":0,"10":0,"15":0,"16":0,"18":0,"19":0,"21":0,"24":0,"25":0,"26":0,"29":0,"34":0,"37":0,"40":0,"48":0,"49":0,"53":0,"54":0,"55":0,"56":0,"58":0,"59":0,"61":0,"62":0,"64":0,"65":0,"67":0,"68":0,"70":0,"71":0,"73":0,"74":0,"76":0,"77":0,"80":0,"83":0,"84":0,"85":0,"87":0,"88":0,"89":0,"93":0,"96":0,"100":0,"105":0,"108":0,"110":0,"111":0,"116":0,"122":0,"124":0,"125":0,"126":0,"127":0,"130":0,"134":0,"141":0,"142":0,"150":0,"161":0,"162":0,"163":0,"164":0,"165":0,"166":0,"168":0,"170":0,"171":0,"172":0,"173":0,"174":0,"175":0,"176":0,"177":0,"178":0,"179":0,"181":0,"184":0,"185":0,"186":0,"188":0,"191":0,"194":0,"196":0,"197":0,"202":0,"203":0}},"/home/travis/build/npmtest/node-npmtest-mocha-casperjs/node_modules/mocha-casperjs/bin/cli.js":{"path":"/home/travis/build/npmtest/node-npmtest-mocha-casperjs/node_modules/mocha-casperjs/bin/cli.js","s":{"1":2,"2":0,"3":0,"4":0,"5":0,"6":0,"7":0,"8":0,"9":0,"10":0,"11":0,"12":0,"13":0,"14":0,"15":0,"16":0,"17":0,"18":0,"19":0,"20":0,"21":0,"22":0,"23":0,"24":0,"25":0,"26":0,"27":0,"28":0,"29":0,"30":0,"31":0,"32":0,"33":0,"34":0,"35":0,"36":0,"37":0,"38":0,"39":0,"40":0,"41":0,"42":0,"43":0,"44":0,"45":0,"46":0,"47":0,"48":0,"49":0,"50":0,"51":0,"52":0,"53":0,"54":0,"55":0,"56":0,"57":0,"58":0,"59":0,"60":0,"61":0,"62":0,"63":0,"64":0,"65":0,"66":0,"67":0,"68":0,"69":0,"70":0,"71":0,"72":0,"73":0,"74":0,"75":0,"76":0,"77":0,"78":0,"79":0,"80":0,"81":0,"82":0,"83":0,"84":0,"85":0,"86":0},"b":{"1":[0,0],"2":[0,0],"3":[0,0],"4":[0,0],"5":[0,0],"6":[0,0],"7":[0,0],"8":[0,0],"9":[0,0],"10":[0,0],"11":[0,0],"12":[0,0],"13":[0,0],"14":[0,0],"15":[0,0],"16":[0,0],"17":[0,0],"18":[0,0],"19":[0,0],"20":[0,0],"21":[0,0],"22":[0,0],"23":[0,0],"24":[0,0],"25":[0,0],"26":[0,0],"27":[0,0],"28":[0,0],"29":[0,0,0],"30":[0,0],"31":[0,0],"32":[0,0],"33":[0,0],"34":[0,0],"35":[0,0,0]},"f":{"1":0,"2":0,"3":0,"4":0,"5":0,"6":0,"7":0},"fnMap":{"1":{"name":"(anonymous_1)","line":9,"loc":{"start":{"line":9,"column":19},"end":{"line":9,"column":34}}},"2":{"name":"(anonymous_2)","line":65,"loc":{"start":{"line":65,"column":33},"end":{"line":65,"column":52}}},"3":{"name":"(anonymous_3)","line":185,"loc":{"start":{"line":185,"column":34},"end":{"line":185,"column":49}}},"4":{"name":"(anonymous_4)","line":187,"loc":{"start":{"line":187,"column":9},"end":{"line":187,"column":24}}},"5":{"name":"(anonymous_5)","line":192,"loc":{"start":{"line":192,"column":10},"end":{"line":192,"column":25}}},"6":{"name":"(anonymous_6)","line":194,"loc":{"start":{"line":194,"column":11},"end":{"line":194,"column":26}}},"7":{"name":"(anonymous_7)","line":202,"loc":{"start":{"line":202,"column":25},"end":{"line":202,"column":36}}}},"statementMap":{"1":{"start":{"line":1,"column":0},"end":{"line":11,"column":1}},"2":{"start":{"line":10,"column":2},"end":{"line":10,"column":105}},"3":{"start":{"line":13,"column":0},"end":{"line":22,"column":1}},"4":{"start":{"line":14,"column":2},"end":{"line":14,"column":83}},"5":{"start":{"line":15,"column":2},"end":{"line":15,"column":62}},"6":{"start":{"line":17,"column":2},"end":{"line":21,"column":3}},"7":{"start":{"line":18,"column":4},"end":{"line":20,"column":5}},"8":{"start":{"line":19,"column":6},"end":{"line":19,"column":28}},"9":{"start":{"line":25,"column":0},"end":{"line":37,"column":2}},"10":{"start":{"line":38,"column":0},"end":{"line":40,"column":1}},"11":{"start":{"line":39,"column":2},"end":{"line":39,"column":71}},"12":{"start":{"line":41,"column":0},"end":{"line":43,"column":1}},"13":{"start":{"line":42,"column":2},"end":{"line":42,"column":56}},"14":{"start":{"line":44,"column":0},"end":{"line":46,"column":1}},"15":{"start":{"line":45,"column":2},"end":{"line":45,"column":56}},"16":{"start":{"line":48,"column":0},"end":{"line":48,"column":31}},"17":{"start":{"line":50,"column":0},"end":{"line":53,"column":1}},"18":{"start":{"line":51,"column":2},"end":{"line":51,"column":64}},"19":{"start":{"line":52,"column":2},"end":{"line":52,"column":17}},"20":{"start":{"line":56,"column":0},"end":{"line":56,"column":45}},"21":{"start":{"line":58,"column":0},"end":{"line":84,"column":1}},"22":{"start":{"line":59,"column":2},"end":{"line":59,"column":47}},"23":{"start":{"line":60,"column":2},"end":{"line":60,"column":20}},"24":{"start":{"line":63,"column":2},"end":{"line":69,"column":3}},"25":{"start":{"line":64,"column":4},"end":{"line":64,"column":71}},"26":{"start":{"line":65,"column":4},"end":{"line":68,"column":5}},"27":{"start":{"line":66,"column":6},"end":{"line":66,"column":25}},"28":{"start":{"line":67,"column":6},"end":{"line":67,"column":50}},"29":{"start":{"line":72,"column":2},"end":{"line":72,"column":32}},"30":{"start":{"line":75,"column":2},"end":{"line":81,"column":3}},"31":{"start":{"line":76,"column":4},"end":{"line":76,"column":59}},"32":{"start":{"line":77,"column":4},"end":{"line":77,"column":62}},"33":{"start":{"line":80,"column":4},"end":{"line":80,"column":77}},"34":{"start":{"line":83,"column":2},"end":{"line":83,"column":67}},"35":{"start":{"line":87,"column":0},"end":{"line":87,"column":112}},"36":{"start":{"line":89,"column":0},"end":{"line":94,"column":2}},"37":{"start":{"line":96,"column":0},"end":{"line":107,"column":1}},"38":{"start":{"line":98,"column":2},"end":{"line":98,"column":29}},"39":{"start":{"line":99,"column":2},"end":{"line":106,"column":3}},"40":{"start":{"line":112,"column":0},"end":{"line":112,"column":21}},"41":{"start":{"line":114,"column":0},"end":{"line":133,"column":1}},"42":{"start":{"line":118,"column":2},"end":{"line":132,"column":3}},"43":{"start":{"line":119,"column":4},"end":{"line":119,"column":28}},"44":{"start":{"line":123,"column":4},"end":{"line":131,"column":5}},"45":{"start":{"line":125,"column":6},"end":{"line":127,"column":7}},"46":{"start":{"line":126,"column":8},"end":{"line":126,"column":50}},"47":{"start":{"line":128,"column":6},"end":{"line":128,"column":39}},"48":{"start":{"line":130,"column":6},"end":{"line":130,"column":30}},"49":{"start":{"line":136,"column":0},"end":{"line":140,"column":1}},"50":{"start":{"line":137,"column":2},"end":{"line":137,"column":26}},"51":{"start":{"line":139,"column":2},"end":{"line":139,"column":18}},"52":{"start":{"line":143,"column":0},"end":{"line":148,"column":1}},"53":{"start":{"line":144,"column":2},"end":{"line":144,"column":23}},"54":{"start":{"line":145,"column":2},"end":{"line":147,"column":3}},"55":{"start":{"line":146,"column":4},"end":{"line":146,"column":18}},"56":{"start":{"line":150,"column":0},"end":{"line":155,"column":1}},"57":{"start":{"line":151,"column":2},"end":{"line":151,"column":48}},"58":{"start":{"line":152,"column":2},"end":{"line":154,"column":3}},"59":{"start":{"line":153,"column":4},"end":{"line":153,"column":46}},"60":{"start":{"line":157,"column":0},"end":{"line":159,"column":1}},"61":{"start":{"line":158,"column":2},"end":{"line":158,"column":23}},"62":{"start":{"line":161,"column":0},"end":{"line":163,"column":1}},"63":{"start":{"line":162,"column":2},"end":{"line":162,"column":37}},"64":{"start":{"line":166,"column":0},"end":{"line":166,"column":14}},"65":{"start":{"line":168,"column":0},"end":{"line":190,"column":1}},"66":{"start":{"line":170,"column":2},"end":{"line":170,"column":33}},"67":{"start":{"line":171,"column":2},"end":{"line":171,"column":15}},"68":{"start":{"line":174,"column":2},"end":{"line":174,"column":56}},"69":{"start":{"line":175,"column":2},"end":{"line":184,"column":3}},"70":{"start":{"line":176,"column":4},"end":{"line":183,"column":5}},"71":{"start":{"line":177,"column":8},"end":{"line":177,"column":24}},"72":{"start":{"line":178,"column":11},"end":{"line":183,"column":5}},"73":{"start":{"line":179,"column":6},"end":{"line":179,"column":23}},"74":{"start":{"line":181,"column":6},"end":{"line":181,"column":148}},"75":{"start":{"line":182,"column":6},"end":{"line":182,"column":21}},"76":{"start":{"line":185,"column":2},"end":{"line":189,"column":4}},"77":{"start":{"line":186,"column":4},"end":{"line":186,"column":41}},"78":{"start":{"line":188,"column":4},"end":{"line":188,"column":40}},"79":{"start":{"line":192,"column":0},"end":{"line":196,"column":2}},"80":{"start":{"line":193,"column":2},"end":{"line":193,"column":68}},"81":{"start":{"line":195,"column":2},"end":{"line":195,"column":15}},"82":{"start":{"line":199,"column":0},"end":{"line":199,"column":9}},"83":{"start":{"line":202,"column":0},"end":{"line":207,"column":3}},"84":{"start":{"line":203,"column":2},"end":{"line":205,"column":3}},"85":{"start":{"line":204,"column":4},"end":{"line":204,"column":32}},"86":{"start":{"line":206,"column":2},"end":{"line":206,"column":138}}},"branchMap":{"1":{"line":4,"type":"binary-expr","locations":[{"start":{"line":4,"column":15},"end":{"line":4,"column":24}},{"start":{"line":4,"column":28},"end":{"line":4,"column":49}}]},"2":{"line":10,"type":"binary-expr","locations":[{"start":{"line":10,"column":21},"end":{"line":10,"column":41}},{"start":{"line":10,"column":45},"end":{"line":10,"column":104}}]},"3":{"line":13,"type":"if","locations":[{"start":{"line":13,"column":0},"end":{"line":13,"column":0}},{"start":{"line":13,"column":0},"end":{"line":13,"column":0}}]},"4":{"line":18,"type":"if","locations":[{"start":{"line":18,"column":4},"end":{"line":18,"column":4}},{"start":{"line":18,"column":4},"end":{"line":18,"column":4}}]},"5":{"line":28,"type":"binary-expr","locations":[{"start":{"line":28,"column":11},"end":{"line":28,"column":25}},{"start":{"line":28,"column":29},"end":{"line":28,"column":58}}]},"6":{"line":29,"type":"binary-expr","locations":[{"start":{"line":29,"column":12},"end":{"line":29,"column":29}},{"start":{"line":29,"column":33},"end":{"line":29,"column":42}}]},"7":{"line":38,"type":"if","locations":[{"start":{"line":38,"column":0},"end":{"line":38,"column":0}},{"start":{"line":38,"column":0},"end":{"line":38,"column":0}}]},"8":{"line":41,"type":"if","locations":[{"start":{"line":41,"column":0},"end":{"line":41,"column":0}},{"start":{"line":41,"column":0},"end":{"line":41,"column":0}}]},"9":{"line":44,"type":"if","locations":[{"start":{"line":44,"column":0},"end":{"line":44,"column":0}},{"start":{"line":44,"column":0},"end":{"line":44,"column":0}}]},"10":{"line":50,"type":"if","locations":[{"start":{"line":50,"column":0},"end":{"line":50,"column":0}},{"start":{"line":50,"column":0},"end":{"line":50,"column":0}}]},"11":{"line":50,"type":"binary-expr","locations":[{"start":{"line":50,"column":4},"end":{"line":50,"column":37}},{"start":{"line":50,"column":41},"end":{"line":50,"column":72}}]},"12":{"line":63,"type":"if","locations":[{"start":{"line":63,"column":2},"end":{"line":63,"column":2}},{"start":{"line":63,"column":2},"end":{"line":63,"column":2}}]},"13":{"line":63,"type":"binary-expr","locations":[{"start":{"line":63,"column":6},"end":{"line":63,"column":76}},{"start":{"line":63,"column":80},"end":{"line":63,"column":145}}]},"14":{"line":87,"type":"binary-expr","locations":[{"start":{"line":87,"column":21},"end":{"line":87,"column":48}},{"start":{"line":87,"column":52},"end":{"line":87,"column":56}}]},"15":{"line":90,"type":"binary-expr","locations":[{"start":{"line":90,"column":6},"end":{"line":90,"column":13}},{"start":{"line":90,"column":17},"end":{"line":90,"column":22}}]},"16":{"line":91,"type":"binary-expr","locations":[{"start":{"line":91,"column":11},"end":{"line":91,"column":23}},{"start":{"line":91,"column":27},"end":{"line":91,"column":32}}]},"17":{"line":92,"type":"binary-expr","locations":[{"start":{"line":92,"column":8},"end":{"line":92,"column":17}},{"start":{"line":92,"column":21},"end":{"line":92,"column":26}}]},"18":{"line":96,"type":"if","locations":[{"start":{"line":96,"column":0},"end":{"line":96,"column":0}},{"start":{"line":96,"column":0},"end":{"line":96,"column":0}}]},"19":{"line":114,"type":"if","locations":[{"start":{"line":114,"column":0},"end":{"line":114,"column":0}},{"start":{"line":114,"column":0},"end":{"line":114,"column":0}}]},"20":{"line":118,"type":"if","locations":[{"start":{"line":118,"column":2},"end":{"line":118,"column":2}},{"start":{"line":118,"column":2},"end":{"line":118,"column":2}}]},"21":{"line":125,"type":"if","locations":[{"start":{"line":125,"column":6},"end":{"line":125,"column":6}},{"start":{"line":125,"column":6},"end":{"line":125,"column":6}}]},"22":{"line":143,"type":"if","locations":[{"start":{"line":143,"column":0},"end":{"line":143,"column":0}},{"start":{"line":143,"column":0},"end":{"line":143,"column":0}}]},"23":{"line":145,"type":"if","locations":[{"start":{"line":145,"column":2},"end":{"line":145,"column":2}},{"start":{"line":145,"column":2},"end":{"line":145,"column":2}}]},"24":{"line":150,"type":"if","locations":[{"start":{"line":150,"column":0},"end":{"line":150,"column":0}},{"start":{"line":150,"column":0},"end":{"line":150,"column":0}}]},"25":{"line":152,"type":"if","locations":[{"start":{"line":152,"column":2},"end":{"line":152,"column":2}},{"start":{"line":152,"column":2},"end":{"line":152,"column":2}}]},"26":{"line":157,"type":"if","locations":[{"start":{"line":157,"column":0},"end":{"line":157,"column":0}},{"start":{"line":157,"column":0},"end":{"line":157,"column":0}}]},"27":{"line":161,"type":"if","locations":[{"start":{"line":161,"column":0},"end":{"line":161,"column":0}},{"start":{"line":161,"column":0},"end":{"line":161,"column":0}}]},"28":{"line":168,"type":"if","locations":[{"start":{"line":168,"column":0},"end":{"line":168,"column":0}},{"start":{"line":168,"column":0},"end":{"line":168,"column":0}}]},"29":{"line":174,"type":"binary-expr","locations":[{"start":{"line":174,"column":16},"end":{"line":174,"column":32}},{"start":{"line":174,"column":36},"end":{"line":174,"column":48}},{"start":{"line":174,"column":52},"end":{"line":174,"column":56}}]},"30":{"line":175,"type":"if","locations":[{"start":{"line":175,"column":2},"end":{"line":175,"column":2}},{"start":{"line":175,"column":2},"end":{"line":175,"column":2}}]},"31":{"line":176,"type":"if","locations":[{"start":{"line":176,"column":4},"end":{"line":176,"column":4}},{"start":{"line":176,"column":4},"end":{"line":176,"column":4}}]},"32":{"line":178,"type":"if","locations":[{"start":{"line":178,"column":11},"end":{"line":178,"column":11}},{"start":{"line":178,"column":11},"end":{"line":178,"column":11}}]},"33":{"line":203,"type":"if","locations":[{"start":{"line":203,"column":2},"end":{"line":203,"column":2}},{"start":{"line":203,"column":2},"end":{"line":203,"column":2}}]},"34":{"line":206,"type":"cond-expr","locations":[{"start":{"line":206,"column":104},"end":{"line":206,"column":131}},{"start":{"line":206,"column":134},"end":{"line":206,"column":136}}]},"35":{"line":206,"type":"binary-expr","locations":[{"start":{"line":206,"column":22},"end":{"line":206,"column":34}},{"start":{"line":206,"column":38},"end":{"line":206,"column":56}},{"start":{"line":206,"column":60},"end":{"line":206,"column":87}}]}},"code":["var cli = require('cli'),","    cliOptions = cli.parse(require('system').args.slice(1)),","    opts = cliOptions.options,","    optsFile = opts.opts || 'mocha-casperjs.opts',","    fs = require('fs'),","    Casper = require('casper'),","    extraArgs = [],","","getPathForModule = function(what) {","  return fs.absolute(opts[what + '-path'] || opts['mocha-casperjs-path'] + '/../../node_modules/' + what)","}","","if (fs.exists(optsFile)) {","  var extraOpts = cli.parse(['blah'].concat(fs.read(optsFile).split('\\n'))).options","  extraArgs = cli.parse((fs.read(optsFile).split('\\n'))).args;","","  for (var p in extraOpts) {","    if (opts[p] == null) {","      opts[p] = extraOpts[p]","    }","  }","}","","// Load casper","this.casper = Casper.create({","  exitOnError: true,","  timeout: opts['casper-timeout'],","  verbose: !!opts.verbose || opts['log-level'] === 'debug',","  logLevel: opts['log-level'] || 'warning',","  pageSettings: {","    userAgent: opts['user-agent']","  },","  viewportSize: {","    width: opts['viewport-width'],","    height: opts['viewport-height']","  }","})","if (typeof opts['client-scripts'] === 'string') {","  this.casper.options.clientScripts = opts['client-scripts'].split(',')","}","if (typeof opts['wait-timeout'] === 'number') {","  this.casper.options.waitTimeout = opts['wait-timeout']","}","if (typeof opts['step-timeout'] === 'number') {","  this.casper.options.stepTimeout = opts['step-timeout']","}","","this.xpath = Casper.selectXPath","","if (phantom.casperVersion.major !== 1 && phantom.capserVersion.minor < 1) {","  console.log('mocha-casperjs requires CasperJS >= 1.1.0-beta3')","  casper.exit(-1)","}","","// Load the precompiled mocha from the root of it's module directory","require(getPathForModule('mocha') + '/mocha')","","try {","  this.chai = require(getPathForModule('chai'))","  this.chai.should()","","  // ugly but isolated hack for #40","  if (['function', 'object'].indexOf(typeof casper.__proto__.fetchText) > -1 && casper.__proto__.fetchText.toString().indexOf('fetchText') === -1) {","    casper.log('restoring Casper#fetchText', 'debug', 'mocha-casperjs')","    casper.__proto__.fetchText = function(selector) {","      this.checkStarted()","      return this.callUtils(\"fetchText\", selector)","    }","  }","","  // expect globally if requested","  this.expect = this.chai.expect","","  // optionally try to use casper-chai if available","  try {","    this.chai.use(require(getPathForModule('casper-chai')))","    casper.log('using casper-chai', 'debug', 'mocha-casperjs')","  }","  catch (e) {","    casper.log('could not load casper-chai: ' + e, 'debug', 'mocha-casperjs')","  }","} catch (e) {","  casper.log('could not load chai ' + e, 'debug', 'mocha-casperjs')","}","","// Initialize the core of mocha-casperjs given the loaded Mocha class and casper instance","require(fs.absolute((opts['mocha-casperjs-path'] || '..') + '/mocha-casperjs'))(Mocha, casper, require('utils'))","","mocha.setup({","  ui: opts.ui || 'bdd',","  timeout: opts.timeout || 30000,","  bail: opts.bail || false,","  useColors: !opts['no-color']","})","","if (typeof process === 'undefined') {","  // a poor node.js process shim - totally not great","  var sys = require('system')","  this.process = {","    pid: sys.pid,","    env: sys.env,","    argv: sys.args.splice(),","    stdin: sys.stdin,","    stdout: sys.stdout,","    stderr: sys.stderr","  }","}","","// Remember that PhantomJS is not Node.js - the modules available to phantomjs are different than node's.","// If you need access to built-in Mocha reporters, access them off of `Mocha.reporters`, like `Mocha.reporters.Base`.","// fall back to spec by default","var reporter = 'spec'","","if (opts.reporter) {","  // CasperJS's patched require searches it's own modules folder which has an `xunit` reporter already.","  // See https://github.com/nathanboktae/mocha-casperjs/issues/68","  // For a few well-known reporters let's just directly load them.","  if (['spec', 'xunit', 'json'].indexOf(opts.reporter) !== -1) {","    reporter = opts.reporter","  }","  else {","    // check to see if it is a third party reporter","    try {","      // I don't want to use isAbsolute here as it could be a node module or a relative path","      if (opts.reporter.indexOf('.') === 0) {","        opts.reporter = fs.absolute(opts.reporter)","      }","      reporter = require(opts.reporter)","    } catch (e) {","      reporter = opts.reporter","    }","  }","}","","// If a third party error throws an error, exit.","try {","  mocha.reporter(reporter)","} catch(e) {","  casper.exit(-2);","}","","","if (opts.grep) {","  mocha.grep(opts.grep)","  if (opts.invert) {","    mocha.invert()","  }","}","","if (opts.file) {","  Mocha.process.stdout = fs.open(opts.file, 'w')","  if (this.process) {","    this.process.stdout = Mocha.process.stdout","  }","}","","if (opts.slow) {","  mocha.slow(opts.slow)","}","","if (opts.require) {","  require(fs.absolute(opts.require));","}","","// load the user's tests","var tests = []","","if (cliOptions.args.length > 1) {","  // use tests if they specified them explicty","  tests = cliOptions.args.slice()","  tests.shift()","} else {","  // otherwise, load files from the opts directory, test or tests directory like Mocha does","  var testDir = extraArgs.length && extraArgs[0] || null","  if (!fs.isDirectory(testDir)) {","    if (fs.isDirectory('test')) {","        testDir = 'test'","    } else if (fs.isDirectory('tests')) {","      testDir = 'tests'","    } else {","      console.log('No tests specified. List them in the console, or add your tests to a \"test\" or \"tests\" folder in the current working directory.')","      casper.exit(-4)","    }","  }","  tests = fs.list(testDir).filter(function(test) {","    return test.match(/(\\.js|\\.coffee)$/)","  }).map(function(test) {","    return testDir + fs.separator + test","  })","}","","tests.map(function(test) {","  return fs.absolute(test).replace('.coffee', '').replace('.js', '')","}).forEach(function(test) {","  require(test)","})","","// You can now set breakpoints in your scripts since they are loaded now","debugger;","","// for convience, expose the current runner on the mocha global","mocha.runner = mocha.run(function() {","  if (opts.file) {","    Mocha.process.stdout.close()","  }","  casper.exit(typeof (mocha.runner && mocha.runner.stats && mocha.runner.stats.failures) === 'number' ? mocha.runner.stats.failures : -1);","});",""],"l":{"1":2,"10":0,"13":0,"14":0,"15":0,"17":0,"18":0,"19":0,"25":0,"38":0,"39":0,"41":0,"42":0,"44":0,"45":0,"48":0,"50":0,"51":0,"52":0,"56":0,"58":0,"59":0,"60":0,"63":0,"64":0,"65":0,"66":0,"67":0,"72":0,"75":0,"76":0,"77":0,"80":0,"83":0,"87":0,"89":0,"96":0,"98":0,"99":0,"112":0,"114":0,"118":0,"119":0,"123":0,"125":0,"126":0,"128":0,"130":0,"136":0,"137":0,"139":0,"143":0,"144":0,"145":0,"146":0,"150":0,"151":0,"152":0,"153":0,"157":0,"158":0,"161":0,"162":0,"166":0,"168":0,"170":0,"171":0,"174":0,"175":0,"176":0,"177":0,"178":0,"179":0,"181":0,"182":0,"185":0,"186":0,"188":0,"192":0,"193":0,"195":0,"199":0,"202":0,"203":0,"204":0,"206":0}},"/home/travis/build/npmtest/node-npmtest-mocha-casperjs/node_modules/mocha-casperjs/reporters/jason.js":{"path":"/home/travis/build/npmtest/node-npmtest-mocha-casperjs/node_modules/mocha-casperjs/reporters/jason.js","s":{"1":2,"2":0,"3":1,"4":0,"5":0,"6":0,"7":0,"8":0,"9":0,"10":0,"11":0,"12":0,"13":0,"14":0,"15":0,"16":1,"17":0},"b":{},"f":{"1":0,"2":0,"3":0,"4":0,"5":0,"6":0},"fnMap":{"1":{"name":"JSONReporter","line":23,"loc":{"start":{"line":23,"column":0},"end":{"line":23,"column":30}}},"2":{"name":"(anonymous_2)","line":31,"loc":{"start":{"line":31,"column":24},"end":{"line":31,"column":38}}},"3":{"name":"(anonymous_3)","line":35,"loc":{"start":{"line":35,"column":20},"end":{"line":35,"column":34}}},"4":{"name":"(anonymous_4)","line":39,"loc":{"start":{"line":39,"column":20},"end":{"line":39,"column":34}}},"5":{"name":"(anonymous_5)","line":43,"loc":{"start":{"line":43,"column":19},"end":{"line":43,"column":29}}},"6":{"name":"clean","line":64,"loc":{"start":{"line":64,"column":0},"end":{"line":64,"column":21}}}},"statementMap":{"1":{"start":{"line":6,"column":0},"end":{"line":8,"column":23}},"2":{"start":{"line":14,"column":0},"end":{"line":14,"column":40}},"3":{"start":{"line":23,"column":0},"end":{"line":53,"column":1}},"4":{"start":{"line":24,"column":2},"end":{"line":24,"column":18}},"5":{"start":{"line":25,"column":2},"end":{"line":25,"column":26}},"6":{"start":{"line":27,"column":2},"end":{"line":29,"column":18}},"7":{"start":{"line":31,"column":2},"end":{"line":33,"column":5}},"8":{"start":{"line":32,"column":4},"end":{"line":32,"column":21}},"9":{"start":{"line":35,"column":2},"end":{"line":37,"column":5}},"10":{"start":{"line":36,"column":4},"end":{"line":36,"column":22}},"11":{"start":{"line":39,"column":2},"end":{"line":41,"column":5}},"12":{"start":{"line":40,"column":4},"end":{"line":40,"column":24}},"13":{"start":{"line":43,"column":2},"end":{"line":52,"column":5}},"14":{"start":{"line":44,"column":4},"end":{"line":49,"column":6}},"15":{"start":{"line":51,"column":4},"end":{"line":51,"column":55}},"16":{"start":{"line":64,"column":0},"end":{"line":70,"column":1}},"17":{"start":{"line":65,"column":2},"end":{"line":69,"column":3}}},"branchMap":{},"code":["","/**"," * Module dependencies."," */","","var Base = Mocha.reporters.Base","  , cursor = Base.cursor","  , color = Base.color;","","/**"," * Expose `JSON`."," */","","exports = module.exports = JSONReporter;","","/**"," * Initialize a new `JSON` reporter."," *"," * @param {Runner} runner"," * @api public"," */","","function JSONReporter(runner) {","  var self = this;","  Base.call(this, runner);","","  var tests = []","    , failures = []","    , passes = [];","","  runner.on('test end', function(test){","    tests.push(test);","  });","","  runner.on('pass', function(test){","    passes.push(test);","  });","","  runner.on('fail', function(test){","    failures.push(test);","  });","","  runner.on('end', function(){","    var obj = {","        stats: self.stats","      , tests: tests.map(clean)","      , failures: failures.map(clean)","      , passes: passes.map(clean)","    };","","    process.stdout.write(JSON.stringify(obj, null, 2));","  });","}","","/**"," * Return a plain-object representation of `test`"," * free of cyclic properties etc."," *"," * @param {Object} test"," * @return {Object}"," * @api private"," */","","function clean(test) {","  return {","      title: test.title","    , fullTitle: test.fullTitle()","    , duration: test.duration","  }","}"],"l":{"6":2,"14":0,"23":1,"24":0,"25":0,"27":0,"31":0,"32":0,"35":0,"36":0,"39":0,"40":0,"43":0,"44":0,"51":0,"64":1,"65":0}}}